2024-01-20 06:01:20,200 - INFO - Result: 1
2024-01-20 06:01:20,200 - INFO - Full path: /home/ubuntu/project/BazaarSurveillance/media/screenshots/criminals/1/2024/01/20/2024-01-20:06-01-20.jpg
2024-01-20 06:01:20,200 - INFO - Frame existence: False
2024-01-20 06:01:20,232 - INFO - Path of image: media/screenshots/criminals/1/2024/01/20
2024-01-20 06:01:20,232 - INFO - file name: 2024-01-20:06-01-20.jpg
2024-01-20 06:01:20,232 - INFO - Adding to database: 1
2024-01-20 06:01:20,249 - INFO - (147, 'http://0.0.0.0:8000/media/screenshots/criminals/1/2024/01/20/2024-01-20:06-01-08.jpg', datetime.datetime(2024, 1, 20, 6, 1, 8, 957695, tzinfo=datetime.timezone(datetime.timedelta(days=-1, seconds=68400))), 1, 1)
2024-01-20 06:01:20,249 - INFO - (138, 'http://0.0.0.0:8000/media/screenshots/criminals/1/2024/01/20/2024-01-20:06-01-08.jpg', datetime.datetime(2024, 1, 20, 6, 1, 8, 957695, tzinfo=datetime.timezone(datetime.timedelta(days=-1, seconds=68400))), 1, 1)
2024-01-20 11:01:33,271 - INFO - Camera: TempRecords object (147)
2024-01-20 06:01:34,450 - INFO - Result: 1
2024-01-20 06:01:34,451 - INFO - Full path: /home/ubuntu/project/BazaarSurveillance/media/screenshots/criminals/1/2024/01/20/2024-01-20:06-01-34.jpg
2024-01-20 06:01:34,451 - INFO - Frame existence: False
2024-01-20 06:01:34,479 - INFO - Path of image: media/screenshots/criminals/1/2024/01/20
2024-01-20 06:01:34,479 - INFO - file name: 2024-01-20:06-01-34.jpg
2024-01-20 06:01:34,479 - INFO - Adding to database: 1
2024-01-20 06:01:34,506 - INFO - None
2024-01-20 06:01:34,507 - INFO - (138, 'http://0.0.0.0:8000/media/screenshots/criminals/1/2024/01/20/2024-01-20:06-01-20.jpg', datetime.datetime(2024, 1, 20, 6, 1, 20, 240372, tzinfo=datetime.timezone(datetime.timedelta(days=-1, seconds=68400))), 1, 1)
2024-01-20 06:01:59,533 - INFO - Result: 1
2024-01-20 06:01:59,533 - INFO - Full path: /home/ubuntu/project/BazaarSurveillance/media/screenshots/criminals/1/2024/01/20/2024-01-20:06-01-59.jpg
2024-01-20 06:01:59,533 - INFO - Frame existence: False
2024-01-20 06:01:59,561 - INFO - Path of image: media/screenshots/criminals/1/2024/01/20
2024-01-20 06:01:59,561 - INFO - file name: 2024-01-20:06-01-59.jpg
2024-01-20 06:01:59,561 - INFO - Adding to database: 1
2024-01-20 06:01:59,582 - INFO - (148, 'http://0.0.0.0:8000/media/screenshots/criminals/1/2024/01/20/2024-01-20:06-01-34.jpg', datetime.datetime(2024, 1, 20, 6, 1, 34, 488173, tzinfo=datetime.timezone(datetime.timedelta(days=-1, seconds=68400))), 1, 1)
2024-01-20 06:01:59,582 - INFO - (138, 'http://0.0.0.0:8000/media/screenshots/criminals/1/2024/01/20/2024-01-20:06-01-34.jpg', datetime.datetime(2024, 1, 20, 6, 1, 34, 488173, tzinfo=datetime.timezone(datetime.timedelta(days=-1, seconds=68400))), 1, 1)
2024-01-20 11:02:03,856 - INFO - Camera: TempRecords object (148)
2024-01-20 06:02:26,532 - INFO - Result: 1
2024-01-20 06:02:26,532 - INFO - Full path: /home/ubuntu/project/BazaarSurveillance/media/screenshots/criminals/1/2024/01/20/2024-01-20:06-02-26.jpg
2024-01-20 06:02:26,532 - INFO - Frame existence: False
2024-01-20 06:02:26,561 - INFO - Path of image: media/screenshots/criminals/1/2024/01/20
2024-01-20 06:02:26,561 - INFO - file name: 2024-01-20:06-02-26.jpg
2024-01-20 06:02:26,561 - INFO - Adding to database: 1
2024-01-20 06:02:26,589 - INFO - None
2024-01-20 06:02:26,589 - INFO - (138, 'http://0.0.0.0:8000/media/screenshots/criminals/1/2024/01/20/2024-01-20:06-01-59.jpg', datetime.datetime(2024, 1, 20, 6, 1, 59, 569707, tzinfo=datetime.timezone(datetime.timedelta(days=-1, seconds=68400))), 1, 1)
2024-01-20 06:02:38,742 - INFO - Result: 1
2024-01-20 06:02:38,743 - INFO - Full path: /home/ubuntu/project/BazaarSurveillance/media/screenshots/criminals/1/2024/01/20/2024-01-20:06-02-38.jpg
2024-01-20 06:02:38,743 - INFO - Frame existence: False
2024-01-20 06:02:38,770 - INFO - Path of image: media/screenshots/criminals/1/2024/01/20
2024-01-20 06:02:38,770 - INFO - file name: 2024-01-20:06-02-38.jpg
2024-01-20 06:02:38,770 - INFO - Adding to database: 1
2024-01-20 06:02:38,797 - INFO - (149, 'http://0.0.0.0:8000/media/screenshots/criminals/1/2024/01/20/2024-01-20:06-02-26.jpg', datetime.datetime(2024, 1, 20, 6, 2, 26, 570193, tzinfo=datetime.timezone(datetime.timedelta(days=-1, seconds=68400))), 1, 1)
2024-01-20 06:02:38,797 - INFO - (138, 'http://0.0.0.0:8000/media/screenshots/criminals/1/2024/01/20/2024-01-20:06-02-26.jpg', datetime.datetime(2024, 1, 20, 6, 2, 26, 570193, tzinfo=datetime.timezone(datetime.timedelta(days=-1, seconds=68400))), 1, 1)
2024-01-20 11:02:38,923 - INFO - Camera: TempRecords object (149)
2024-01-20 06:04:32,238 - INFO - Result: 1
2024-01-20 06:04:32,238 - INFO - Full path: /home/ubuntu/project/BazaarSurveillance/media/screenshots/criminals/1/2024/01/20/2024-01-20:06-04-32.jpg
2024-01-20 06:04:32,238 - INFO - Frame existence: False
2024-01-20 06:04:32,266 - INFO - Path of image: media/screenshots/criminals/1/2024/01/20
2024-01-20 06:04:32,266 - INFO - file name: 2024-01-20:06-04-32.jpg
2024-01-20 06:04:32,266 - INFO - Adding to database: 1
2024-01-20 06:04:32,293 - INFO - None
2024-01-20 06:04:32,293 - INFO - (138, 'http://0.0.0.0:8000/media/screenshots/criminals/1/2024/01/20/2024-01-20:06-02-38.jpg', datetime.datetime(2024, 1, 20, 6, 2, 38, 779290, tzinfo=datetime.timezone(datetime.timedelta(days=-1, seconds=68400))), 1, 1)
2024-01-20 11:04:36,583 - INFO - Camera: TempRecords object (150)
2024-01-20 06:05:37,700 - INFO - Result: 1
2024-01-20 06:05:37,700 - INFO - Full path: /home/ubuntu/project/BazaarSurveillance/media/screenshots/criminals/1/2024/01/20/2024-01-20:06-05-37.jpg
2024-01-20 06:05:37,700 - INFO - Frame existence: False
2024-01-20 06:05:37,729 - INFO - Path of image: media/screenshots/criminals/1/2024/01/20
2024-01-20 06:05:37,729 - INFO - file name: 2024-01-20:06-05-37.jpg
2024-01-20 06:05:37,729 - INFO - Adding to database: 1
2024-01-20 06:05:37,756 - INFO - None
2024-01-20 06:05:37,756 - INFO - (138, 'http://0.0.0.0:8000/media/screenshots/criminals/1/2024/01/20/2024-01-20:06-04-32.jpg', datetime.datetime(2024, 1, 20, 6, 4, 32, 275060, tzinfo=datetime.timezone(datetime.timedelta(days=-1, seconds=68400))), 1, 1)
2024-01-20 11:05:41,823 - INFO - Camera: TempRecords object (151)
2024-01-20 06:05:50,565 - DEBUG - Using selector: EpollSelector
2024-01-20 06:05:50,565 - INFO -  Websocket server started running on ('0.0.0.0', 11222)
2024-01-20 06:05:50,565 - INFO -  Ctrl+c to get out of loop
2024-01-20 06:05:50,566 - INFO - server listening on 0.0.0.0:11222
2024-01-20 06:06:03,675 - INFO - Shutting down gracefully!
2024-01-20 06:06:04,741 - DEBUG - Using selector: EpollSelector
2024-01-20 06:06:04,741 - INFO -  Websocket server started running on ('0.0.0.0', 11222)
2024-01-20 06:06:04,741 - INFO -  Ctrl+c to get out of loop
2024-01-20 06:06:04,742 - INFO - server listening on 0.0.0.0:11222
2024-01-20 06:06:06,211 - INFO - Shutting down gracefully!
2024-01-20 06:06:43,514 - INFO - Result: 1
2024-01-20 06:06:43,514 - INFO - Full path: /home/ubuntu/project/BazaarSurveillance/media/screenshots/criminals/1/2024/01/20/2024-01-20:06-06-43.jpg
2024-01-20 06:06:43,514 - INFO - Frame existence: False
2024-01-20 06:06:43,542 - INFO - Path of image: media/screenshots/criminals/1/2024/01/20
2024-01-20 06:06:43,542 - INFO - file name: 2024-01-20:06-06-43.jpg
2024-01-20 06:06:43,542 - INFO - Adding to database: 1
2024-01-20 06:06:43,569 - INFO - None
2024-01-20 06:06:43,569 - INFO - (138, 'http://0.0.0.0:8000/media/screenshots/criminals/1/2024/01/20/2024-01-20:06-05-37.jpg', datetime.datetime(2024, 1, 20, 6, 5, 37, 738154, tzinfo=datetime.timezone(datetime.timedelta(days=-1, seconds=68400))), 1, 1)
2024-01-20 11:06:46,900 - INFO - Camera: TempRecords object (152)
2024-01-20 06:06:47,439 - DEBUG - Using selector: EpollSelector
2024-01-20 06:06:47,440 - INFO -  Websocket server started running on ('0.0.0.0', 11222)
2024-01-20 06:06:47,440 - INFO -  Ctrl+c to get out of loop
2024-01-20 06:06:47,440 - INFO - server listening on 0.0.0.0:11222
2024-01-20 06:06:54,937 - INFO - Shutting down gracefully!
2024-01-20 06:06:57,143 - INFO - Result: 1
2024-01-20 06:06:57,143 - INFO - Full path: /home/ubuntu/project/BazaarSurveillance/media/screenshots/criminals/1/2024/01/20/2024-01-20:06-06-57.jpg
2024-01-20 06:06:57,143 - INFO - Frame existence: False
2024-01-20 06:06:57,172 - INFO - Path of image: media/screenshots/criminals/1/2024/01/20
2024-01-20 06:06:57,172 - INFO - file name: 2024-01-20:06-06-57.jpg
2024-01-20 06:06:57,172 - INFO - Adding to database: 1
2024-01-20 06:06:57,200 - INFO - None
2024-01-20 06:06:57,200 - INFO - (138, 'http://0.0.0.0:8000/media/screenshots/criminals/1/2024/01/20/2024-01-20:06-06-43.jpg', datetime.datetime(2024, 1, 20, 6, 6, 43, 551250, tzinfo=datetime.timezone(datetime.timedelta(days=-1, seconds=68400))), 1, 1)
2024-01-20 11:07:03,129 - INFO - Camera: TempRecords object (153)
2024-01-20 06:07:07,373 - INFO - Result: 1
2024-01-20 06:07:07,373 - INFO - Full path: /home/ubuntu/project/BazaarSurveillance/media/screenshots/criminals/1/2024/01/20/2024-01-20:06-07-07.jpg
2024-01-20 06:07:07,373 - INFO - Frame existence: False
2024-01-20 06:07:07,401 - INFO - Path of image: media/screenshots/criminals/1/2024/01/20
2024-01-20 06:07:07,401 - INFO - file name: 2024-01-20:06-07-07.jpg
2024-01-20 06:07:07,401 - INFO - Adding to database: 1
2024-01-20 06:07:07,428 - INFO - None
2024-01-20 06:07:07,428 - INFO - (138, 'http://0.0.0.0:8000/media/screenshots/criminals/1/2024/01/20/2024-01-20:06-06-57.jpg', datetime.datetime(2024, 1, 20, 6, 6, 57, 181073, tzinfo=datetime.timezone(datetime.timedelta(days=-1, seconds=68400))), 1, 1)
2024-01-20 11:07:11,825 - INFO - Camera: TempRecords object (154)
2024-01-20 06:07:15,827 - DEBUG - Using selector: EpollSelector
2024-01-20 06:07:15,828 - INFO -  Websocket server started running on ('0.0.0.0', 11222)
2024-01-20 06:07:15,828 - INFO -  Ctrl+c to get out of loop
2024-01-20 06:07:15,828 - INFO - server listening on 0.0.0.0:11222
2024-01-20 06:07:26,424 - INFO - Result: 1
2024-01-20 06:07:26,424 - INFO - Full path: /home/ubuntu/project/BazaarSurveillance/media/screenshots/criminals/1/2024/01/20/2024-01-20:06-07-26.jpg
2024-01-20 06:07:26,424 - INFO - Frame existence: False
2024-01-20 06:07:26,453 - INFO - Path of image: media/screenshots/criminals/1/2024/01/20
2024-01-20 06:07:26,453 - INFO - file name: 2024-01-20:06-07-26.jpg
2024-01-20 06:07:26,453 - INFO - Adding to database: 1
2024-01-20 06:07:26,471 - INFO - None
2024-01-20 06:07:26,471 - INFO - (138, 'http://0.0.0.0:8000/media/screenshots/criminals/1/2024/01/20/2024-01-20:06-07-07.jpg', datetime.datetime(2024, 1, 20, 6, 7, 7, 410125, tzinfo=datetime.timezone(datetime.timedelta(days=-1, seconds=68400))), 1, 1)
2024-01-20 11:07:26,870 - INFO - Camera: TempRecords object (155)
2024-01-20 06:07:39,954 - INFO - Result: 1
2024-01-20 06:07:39,954 - INFO - Full path: /home/ubuntu/project/BazaarSurveillance/media/screenshots/criminals/1/2024/01/20/2024-01-20:06-07-39.jpg
2024-01-20 06:07:39,954 - INFO - Frame existence: False
2024-01-20 06:07:39,982 - INFO - Path of image: media/screenshots/criminals/1/2024/01/20
2024-01-20 06:07:39,982 - INFO - file name: 2024-01-20:06-07-39.jpg
2024-01-20 06:07:39,982 - INFO - Adding to database: 1
2024-01-20 06:07:40,008 - INFO - None
2024-01-20 06:07:40,008 - INFO - (138, 'http://0.0.0.0:8000/media/screenshots/criminals/1/2024/01/20/2024-01-20:06-07-26.jpg', datetime.datetime(2024, 1, 20, 6, 7, 26, 461588, tzinfo=datetime.timezone(datetime.timedelta(days=-1, seconds=68400))), 1, 1)
2024-01-20 11:07:42,229 - INFO - Camera: TempRecords object (156)
2024-01-20 06:07:45,298 - INFO - Shutting down gracefully!
2024-01-20 06:07:45,832 - DEBUG - Using selector: EpollSelector
2024-01-20 06:07:45,833 - INFO -  Websocket server started running on ('0.0.0.0', 11222)
2024-01-20 06:07:45,833 - INFO -  Ctrl+c to get out of loop
2024-01-20 06:07:45,833 - INFO - server listening on 0.0.0.0:11222
2024-01-20 06:07:52,762 - INFO - Result: 1
2024-01-20 06:07:52,763 - INFO - Full path: /home/ubuntu/project/BazaarSurveillance/media/screenshots/criminals/1/2024/01/20/2024-01-20:06-07-52.jpg
2024-01-20 06:07:52,763 - INFO - Frame existence: False
2024-01-20 06:07:52,790 - INFO - Path of image: media/screenshots/criminals/1/2024/01/20
2024-01-20 06:07:52,790 - INFO - file name: 2024-01-20:06-07-52.jpg
2024-01-20 06:07:52,790 - INFO - Adding to database: 1
2024-01-20 06:07:52,817 - INFO - None
2024-01-20 06:07:52,817 - INFO - (138, 'http://0.0.0.0:8000/media/screenshots/criminals/1/2024/01/20/2024-01-20:06-07-39.jpg', datetime.datetime(2024, 1, 20, 6, 7, 39, 990174, tzinfo=datetime.timezone(datetime.timedelta(days=-1, seconds=68400))), 1, 1)
2024-01-20 06:07:55,890 - INFO - Shutting down gracefully!
2024-01-20 11:08:08,213 - INFO - Camera: TempRecords object (157)
2024-01-20 06:08:08,465 - DEBUG - Using selector: EpollSelector
2024-01-20 06:08:08,466 - INFO -  Websocket server started running on ('0.0.0.0', 11222)
2024-01-20 06:08:08,466 - INFO -  Ctrl+c to get out of loop
2024-01-20 06:08:08,466 - INFO - server listening on 0.0.0.0:11222
2024-01-20 06:08:10,671 - INFO - Shutting down gracefully!
2024-01-20 06:08:22,178 - DEBUG - Using selector: EpollSelector
2024-01-20 06:08:22,178 - INFO -  Websocket server started running on ('0.0.0.0', 11222)
2024-01-20 06:08:22,178 - INFO -  Ctrl+c to get out of loop
2024-01-20 06:08:22,178 - INFO - server listening on 0.0.0.0:11222
2024-01-20 06:08:23,492 - INFO - Shutting down gracefully!
2024-01-20 06:08:58,307 - DEBUG - Using selector: EpollSelector
2024-01-20 06:08:58,308 - INFO -  Websocket server started running on ('0.0.0.0', 11222)
2024-01-20 06:08:58,308 - INFO -  Ctrl+c to get out of loop
2024-01-20 06:08:58,308 - INFO - server listening on 0.0.0.0:11222
2024-01-20 06:09:11,506 - DEBUG - = connection is CONNECTING
2024-01-20 06:09:11,506 - DEBUG - < GET /asdasdasd HTTP/1.1
2024-01-20 06:09:11,507 - DEBUG - < Host: 0.0.0.0:11222
2024-01-20 06:09:11,507 - DEBUG - < Connection: Upgrade
2024-01-20 06:09:11,507 - DEBUG - < Pragma: no-cache
2024-01-20 06:09:11,507 - DEBUG - < Cache-Control: no-cache
2024-01-20 06:09:11,507 - DEBUG - < User-Agent: Mozilla/5.0 (X11; Linux x86_64) AppleWebKit/537.36 (KHTML, like Gecko) Chrome/120.0.0.0 Safari/537.36
2024-01-20 06:09:11,507 - DEBUG - < Upgrade: websocket
2024-01-20 06:09:11,507 - DEBUG - < Origin: null
2024-01-20 06:09:11,507 - DEBUG - < Sec-WebSocket-Version: 13
2024-01-20 06:09:11,507 - DEBUG - < Accept-Encoding: gzip, deflate
2024-01-20 06:09:11,507 - DEBUG - < Accept-Language: en-US,en;q=0.9
2024-01-20 06:09:11,507 - DEBUG - < Sec-WebSocket-Key: UcISBF9y9E+eskRtbh8uMQ==
2024-01-20 06:09:11,507 - DEBUG - < Sec-WebSocket-Extensions: permessage-deflate; client_max_window_bits
2024-01-20 06:09:11,507 - DEBUG - > HTTP/1.1 101 Switching Protocols
2024-01-20 06:09:11,507 - DEBUG - > Upgrade: websocket
2024-01-20 06:09:11,507 - DEBUG - > Connection: Upgrade
2024-01-20 06:09:11,507 - DEBUG - > Sec-WebSocket-Accept: w1LN1JKVOh++biBaxzWJKojGVFE=
2024-01-20 06:09:11,507 - DEBUG - > Sec-WebSocket-Extensions: permessage-deflate; server_max_window_bits=12; client_max_window_bits=12
2024-01-20 06:09:11,507 - DEBUG - > Date: Sat, 20 Jan 2024 11:09:11 GMT
2024-01-20 06:09:11,507 - DEBUG - > Server: Python/3.10 websockets/12.0
2024-01-20 06:09:11,507 - INFO - connection open
2024-01-20 06:09:11,507 - DEBUG - = connection is OPEN
2024-01-20 06:09:11,509 - DEBUG - < TEXT '{"token":"459ede94edbd1c8a1fc1a47194bebaf79523853e"}' [52 bytes]
2024-01-20 06:09:11,516 - DEBUG - > TEXT '{"msg": "Invalid token provided!"}' [34 bytes]
2024-01-20 06:09:11,516 - INFO -  Current clients: {}
2024-01-20 06:09:11,516 - WARNING -  Error occured: 'asdasdasd'
2024-01-20 06:09:11,516 - DEBUG - = connection is CLOSING
2024-01-20 06:09:11,516 - DEBUG - > CLOSE 1000 (OK) [2 bytes]
2024-01-20 06:09:11,516 - DEBUG - < CLOSE 1000 (OK) [2 bytes]
2024-01-20 06:09:11,516 - DEBUG - x half-closing TCP connection
2024-01-20 06:09:11,516 - DEBUG - = connection is CLOSED
2024-01-20 06:09:11,516 - INFO - connection closed
2024-01-20 11:09:14,277 - WARNING - Not Found: /media/screenshots/criminals/1/2024/01/20/2024-01-20:05-19-26.jpg
2024-01-20 11:09:14,707 - WARNING - Not Found: /favicon.ico
2024-01-20 06:09:18,249 - DEBUG - = connection is CONNECTING
2024-01-20 06:09:18,249 - DEBUG - < GET /asdasdasd HTTP/1.1
2024-01-20 06:09:18,249 - DEBUG - < Host: 0.0.0.0:11222
2024-01-20 06:09:18,249 - DEBUG - < Connection: Upgrade
2024-01-20 06:09:18,249 - DEBUG - < Pragma: no-cache
2024-01-20 06:09:18,249 - DEBUG - < Cache-Control: no-cache
2024-01-20 06:09:18,249 - DEBUG - < User-Agent: Mozilla/5.0 (X11; Linux x86_64) AppleWebKit/537.36 (KHTML, like Gecko) Chrome/120.0.0.0 Safari/537.36
2024-01-20 06:09:18,249 - DEBUG - < Upgrade: websocket
2024-01-20 06:09:18,249 - DEBUG - < Origin: null
2024-01-20 06:09:18,249 - DEBUG - < Sec-WebSocket-Version: 13
2024-01-20 06:09:18,249 - DEBUG - < Accept-Encoding: gzip, deflate
2024-01-20 06:09:18,249 - DEBUG - < Accept-Language: en-US,en;q=0.9
2024-01-20 06:09:18,249 - DEBUG - < Sec-WebSocket-Key: /Gen8K7s8p2lrVcq+tIVTQ==
2024-01-20 06:09:18,249 - DEBUG - < Sec-WebSocket-Extensions: permessage-deflate; client_max_window_bits
2024-01-20 06:09:18,249 - DEBUG - > HTTP/1.1 101 Switching Protocols
2024-01-20 06:09:18,249 - DEBUG - > Upgrade: websocket
2024-01-20 06:09:18,249 - DEBUG - > Connection: Upgrade
2024-01-20 06:09:18,249 - DEBUG - > Sec-WebSocket-Accept: gxqHToutKvUl/9ImGxybcFKCuCY=
2024-01-20 06:09:18,249 - DEBUG - > Sec-WebSocket-Extensions: permessage-deflate; server_max_window_bits=12; client_max_window_bits=12
2024-01-20 06:09:18,249 - DEBUG - > Date: Sat, 20 Jan 2024 11:09:18 GMT
2024-01-20 06:09:18,249 - DEBUG - > Server: Python/3.10 websockets/12.0
2024-01-20 06:09:18,249 - INFO - connection open
2024-01-20 06:09:18,249 - DEBUG - = connection is OPEN
2024-01-20 06:09:18,250 - DEBUG - < TEXT '{"token":"459ede94edbd1c8a1fc1a47194bebaf79523853e"}' [52 bytes]
2024-01-20 06:09:18,257 - DEBUG - > TEXT '{"msg": "Invalid token provided!"}' [34 bytes]
2024-01-20 06:09:18,258 - INFO -  Current clients: {}
2024-01-20 06:09:18,258 - WARNING -  Error occured: 'asdasdasd'
2024-01-20 06:09:18,258 - DEBUG - = connection is CLOSING
2024-01-20 06:09:18,258 - DEBUG - > CLOSE 1000 (OK) [2 bytes]
2024-01-20 06:09:18,258 - DEBUG - < CLOSE 1000 (OK) [2 bytes]
2024-01-20 06:09:18,258 - DEBUG - x half-closing TCP connection
2024-01-20 06:09:18,258 - DEBUG - = connection is CLOSED
2024-01-20 06:09:18,258 - INFO - connection closed
2024-01-20 06:09:30,778 - INFO - Result: 1
2024-01-20 06:09:30,778 - INFO - Full path: /home/ubuntu/project/BazaarSurveillance/media/screenshots/criminals/1/2024/01/20/2024-01-20:06-09-30.jpg
2024-01-20 06:09:30,778 - INFO - Frame existence: False
2024-01-20 06:09:30,806 - INFO - Path of image: media/screenshots/criminals/1/2024/01/20
2024-01-20 06:09:30,806 - INFO - file name: 2024-01-20:06-09-30.jpg
2024-01-20 06:09:30,806 - INFO - Adding to database: 1
2024-01-20 06:09:30,832 - INFO - None
2024-01-20 06:09:30,832 - INFO - (138, 'http://0.0.0.0:8000/media/screenshots/criminals/1/2024/01/20/2024-01-20:06-07-52.jpg', datetime.datetime(2024, 1, 20, 6, 7, 52, 799298, tzinfo=datetime.timezone(datetime.timedelta(days=-1, seconds=68400))), 1, 1)
2024-01-20 06:09:32,990 - INFO - Shutting down gracefully!
2024-01-20 11:09:39,719 - INFO - Camera: TempRecords object (158)
2024-01-20 06:09:57,396 - INFO - Result: 1
2024-01-20 06:09:57,396 - INFO - Full path: /home/ubuntu/project/BazaarSurveillance/media/screenshots/criminals/1/2024/01/20/2024-01-20:06-09-57.jpg
2024-01-20 06:09:57,396 - INFO - Frame existence: False
2024-01-20 06:09:57,425 - INFO - Path of image: media/screenshots/criminals/1/2024/01/20
2024-01-20 06:09:57,425 - INFO - file name: 2024-01-20:06-09-57.jpg
2024-01-20 06:09:57,425 - INFO - Adding to database: 1
2024-01-20 06:09:57,451 - INFO - None
2024-01-20 06:09:57,451 - INFO - (138, 'http://0.0.0.0:8000/media/screenshots/criminals/1/2024/01/20/2024-01-20:06-09-30.jpg', datetime.datetime(2024, 1, 20, 6, 9, 30, 814390, tzinfo=datetime.timezone(datetime.timedelta(days=-1, seconds=68400))), 1, 1)
2024-01-20 11:09:58,318 - INFO - Camera: TempRecords object (159)
2024-01-20 06:10:12,717 - INFO - Result: 1
2024-01-20 06:10:12,717 - INFO - Full path: /home/ubuntu/project/BazaarSurveillance/media/screenshots/criminals/1/2024/01/20/2024-01-20:06-10-12.jpg
2024-01-20 06:10:12,717 - INFO - Frame existence: False
2024-01-20 06:10:12,745 - INFO - Path of image: media/screenshots/criminals/1/2024/01/20
2024-01-20 06:10:12,745 - INFO - file name: 2024-01-20:06-10-12.jpg
2024-01-20 06:10:12,745 - INFO - Adding to database: 1
2024-01-20 06:10:12,772 - INFO - None
2024-01-20 06:10:12,772 - INFO - (138, 'http://0.0.0.0:8000/media/screenshots/criminals/1/2024/01/20/2024-01-20:06-09-57.jpg', datetime.datetime(2024, 1, 20, 6, 9, 57, 433008, tzinfo=datetime.timezone(datetime.timedelta(days=-1, seconds=68400))), 1, 1)
2024-01-20 11:10:18,080 - INFO - Camera: TempRecords object (160)
2024-01-20 06:10:38,557 - INFO - Result: 1
2024-01-20 06:10:38,557 - INFO - Full path: /home/ubuntu/project/BazaarSurveillance/media/screenshots/criminals/1/2024/01/20/2024-01-20:06-10-38.jpg
2024-01-20 06:10:38,557 - INFO - Frame existence: False
2024-01-20 06:10:38,585 - INFO - Path of image: media/screenshots/criminals/1/2024/01/20
2024-01-20 06:10:38,585 - INFO - file name: 2024-01-20:06-10-38.jpg
2024-01-20 06:10:38,585 - INFO - Adding to database: 1
2024-01-20 06:10:38,604 - INFO - None
2024-01-20 06:10:38,604 - INFO - (138, 'http://0.0.0.0:8000/media/screenshots/criminals/1/2024/01/20/2024-01-20:06-10-12.jpg', datetime.datetime(2024, 1, 20, 6, 10, 12, 754207, tzinfo=datetime.timezone(datetime.timedelta(days=-1, seconds=68400))), 1, 1)
2024-01-20 11:10:43,344 - INFO - Camera: TempRecords object (161)
2024-01-20 06:11:14,258 - INFO - Result: 1
2024-01-20 06:11:14,258 - INFO - Full path: /home/ubuntu/project/BazaarSurveillance/media/screenshots/criminals/1/2024/01/20/2024-01-20:06-11-14.jpg
2024-01-20 06:11:14,258 - INFO - Frame existence: False
2024-01-20 06:11:14,287 - INFO - Path of image: media/screenshots/criminals/1/2024/01/20
2024-01-20 06:11:14,287 - INFO - file name: 2024-01-20:06-11-14.jpg
2024-01-20 06:11:14,287 - INFO - Adding to database: 1
2024-01-20 06:11:14,304 - INFO - None
2024-01-20 06:11:14,304 - INFO - (138, 'http://0.0.0.0:8000/media/screenshots/criminals/1/2024/01/20/2024-01-20:06-10-38.jpg', datetime.datetime(2024, 1, 20, 6, 10, 38, 594393, tzinfo=datetime.timezone(datetime.timedelta(days=-1, seconds=68400))), 1, 1)
2024-01-20 11:11:18,454 - INFO - Camera: TempRecords object (162)
2024-01-20 06:11:33,219 - INFO - Result: 1
2024-01-20 06:11:33,219 - INFO - Full path: /home/ubuntu/project/BazaarSurveillance/media/screenshots/criminals/1/2024/01/20/2024-01-20:06-11-33.jpg
2024-01-20 06:11:33,219 - INFO - Frame existence: False
2024-01-20 06:11:33,248 - INFO - Path of image: media/screenshots/criminals/1/2024/01/20
2024-01-20 06:11:33,248 - INFO - file name: 2024-01-20:06-11-33.jpg
2024-01-20 06:11:33,248 - INFO - Adding to database: 1
2024-01-20 06:11:33,274 - INFO - None
2024-01-20 06:11:33,274 - INFO - (138, 'http://0.0.0.0:8000/media/screenshots/criminals/1/2024/01/20/2024-01-20:06-11-14.jpg', datetime.datetime(2024, 1, 20, 6, 11, 14, 295125, tzinfo=datetime.timezone(datetime.timedelta(days=-1, seconds=68400))), 1, 1)
2024-01-20 11:11:33,416 - INFO - Camera: TempRecords object (163)
2024-01-20 06:11:50,138 - INFO - Result: 1
2024-01-20 06:11:50,138 - INFO - Full path: /home/ubuntu/project/BazaarSurveillance/media/screenshots/criminals/1/2024/01/20/2024-01-20:06-11-50.jpg
2024-01-20 06:11:50,138 - INFO - Frame existence: False
2024-01-20 06:11:50,167 - INFO - Path of image: media/screenshots/criminals/1/2024/01/20
2024-01-20 06:11:50,167 - INFO - file name: 2024-01-20:06-11-50.jpg
2024-01-20 06:11:50,167 - INFO - Adding to database: 1
2024-01-20 06:11:50,185 - INFO - None
2024-01-20 06:11:50,185 - INFO - (138, 'http://0.0.0.0:8000/media/screenshots/criminals/1/2024/01/20/2024-01-20:06-11-33.jpg', datetime.datetime(2024, 1, 20, 6, 11, 33, 256683, tzinfo=datetime.timezone(datetime.timedelta(days=-1, seconds=68400))), 1, 1)
2024-01-20 11:11:53,593 - INFO - Camera: TempRecords object (164)
2024-01-20 06:12:11,109 - INFO - Result: 1
2024-01-20 06:12:11,109 - INFO - Full path: /home/ubuntu/project/BazaarSurveillance/media/screenshots/criminals/1/2024/01/20/2024-01-20:06-12-11.jpg
2024-01-20 06:12:11,109 - INFO - Frame existence: False
2024-01-20 06:12:11,138 - INFO - Path of image: media/screenshots/criminals/1/2024/01/20
2024-01-20 06:12:11,138 - INFO - file name: 2024-01-20:06-12-11.jpg
2024-01-20 06:12:11,138 - INFO - Adding to database: 1
2024-01-20 06:12:11,164 - INFO - None
2024-01-20 06:12:11,164 - INFO - (138, 'http://0.0.0.0:8000/media/screenshots/criminals/1/2024/01/20/2024-01-20:06-11-50.jpg', datetime.datetime(2024, 1, 20, 6, 11, 50, 176052, tzinfo=datetime.timezone(datetime.timedelta(days=-1, seconds=68400))), 1, 1)
2024-01-20 06:12:21,669 - INFO - Result: 1
2024-01-20 06:12:21,669 - INFO - Full path: /home/ubuntu/project/BazaarSurveillance/media/screenshots/criminals/1/2024/01/20/2024-01-20:06-12-21.jpg
2024-01-20 06:12:21,669 - INFO - Frame existence: False
2024-01-20 06:12:21,698 - INFO - Path of image: media/screenshots/criminals/1/2024/01/20
2024-01-20 06:12:21,698 - INFO - file name: 2024-01-20:06-12-21.jpg
2024-01-20 06:12:21,698 - INFO - Adding to database: 1
2024-01-20 06:12:21,724 - INFO - (165, 'http://0.0.0.0:8000/media/screenshots/criminals/1/2024/01/20/2024-01-20:06-12-11.jpg', datetime.datetime(2024, 1, 20, 6, 12, 11, 145968, tzinfo=datetime.timezone(datetime.timedelta(days=-1, seconds=68400))), 1, 1)
2024-01-20 06:12:21,724 - INFO - (138, 'http://0.0.0.0:8000/media/screenshots/criminals/1/2024/01/20/2024-01-20:06-12-11.jpg', datetime.datetime(2024, 1, 20, 6, 12, 11, 145968, tzinfo=datetime.timezone(datetime.timedelta(days=-1, seconds=68400))), 1, 1)
2024-01-20 06:12:32,229 - INFO - Result: 1
2024-01-20 06:12:32,229 - INFO - Full path: /home/ubuntu/project/BazaarSurveillance/media/screenshots/criminals/1/2024/01/20/2024-01-20:06-12-32.jpg
2024-01-20 06:12:32,229 - INFO - Frame existence: False
2024-01-20 06:12:32,257 - INFO - Path of image: media/screenshots/criminals/1/2024/01/20
2024-01-20 06:12:32,257 - INFO - file name: 2024-01-20:06-12-32.jpg
2024-01-20 06:12:32,257 - INFO - Adding to database: 1
2024-01-20 06:12:32,284 - INFO - (165, 'http://0.0.0.0:8000/media/screenshots/criminals/1/2024/01/20/2024-01-20:06-12-21.jpg', datetime.datetime(2024, 1, 20, 6, 12, 21, 705972, tzinfo=datetime.timezone(datetime.timedelta(days=-1, seconds=68400))), 1, 1)
2024-01-20 06:12:32,284 - INFO - (138, 'http://0.0.0.0:8000/media/screenshots/criminals/1/2024/01/20/2024-01-20:06-12-21.jpg', datetime.datetime(2024, 1, 20, 6, 12, 21, 705972, tzinfo=datetime.timezone(datetime.timedelta(days=-1, seconds=68400))), 1, 1)
2024-01-20 11:12:42,511 - INFO - Camera: TempRecords object (165)
2024-01-20 06:13:03,010 - INFO - Result: 1
2024-01-20 06:13:03,010 - INFO - Full path: /home/ubuntu/project/BazaarSurveillance/media/screenshots/criminals/1/2024/01/20/2024-01-20:06-13-03.jpg
2024-01-20 06:13:03,010 - INFO - Frame existence: False
2024-01-20 06:13:03,038 - INFO - Path of image: media/screenshots/criminals/1/2024/01/20
2024-01-20 06:13:03,038 - INFO - file name: 2024-01-20:06-13-03.jpg
2024-01-20 06:13:03,038 - INFO - Adding to database: 1
2024-01-20 06:13:03,057 - INFO - None
2024-01-20 06:13:03,057 - INFO - (138, 'http://0.0.0.0:8000/media/screenshots/criminals/1/2024/01/20/2024-01-20:06-12-32.jpg', datetime.datetime(2024, 1, 20, 6, 12, 32, 265697, tzinfo=datetime.timezone(datetime.timedelta(days=-1, seconds=68400))), 1, 1)
2024-01-20 11:13:03,555 - INFO - Camera: TempRecords object (166)
2024-01-20 06:13:44,715 - INFO - Result: 1
2024-01-20 06:13:44,715 - INFO - Full path: /home/ubuntu/project/BazaarSurveillance/media/screenshots/criminals/1/2024/01/20/2024-01-20:06-13-44.jpg
2024-01-20 06:13:44,715 - INFO - Frame existence: False
2024-01-20 06:13:44,744 - INFO - Path of image: media/screenshots/criminals/1/2024/01/20
2024-01-20 06:13:44,744 - INFO - file name: 2024-01-20:06-13-44.jpg
2024-01-20 06:13:44,744 - INFO - Adding to database: 1
2024-01-20 06:13:44,771 - INFO - None
2024-01-20 06:13:44,771 - INFO - (138, 'http://0.0.0.0:8000/media/screenshots/criminals/1/2024/01/20/2024-01-20:06-13-03.jpg', datetime.datetime(2024, 1, 20, 6, 13, 3, 47162, tzinfo=datetime.timezone(datetime.timedelta(days=-1, seconds=68400))), 1, 1)
2024-01-20 11:13:53,939 - INFO - Camera: TempRecords object (167)
2024-01-20 06:14:12,524 - INFO - Result: 1
2024-01-20 06:14:12,524 - INFO - Full path: /home/ubuntu/project/BazaarSurveillance/media/screenshots/criminals/1/2024/01/20/2024-01-20:06-14-12.jpg
2024-01-20 06:14:12,524 - INFO - Frame existence: False
2024-01-20 06:14:12,552 - INFO - Path of image: media/screenshots/criminals/1/2024/01/20
2024-01-20 06:14:12,552 - INFO - file name: 2024-01-20:06-14-12.jpg
2024-01-20 06:14:12,552 - INFO - Adding to database: 1
2024-01-20 06:14:12,580 - INFO - None
2024-01-20 06:14:12,581 - INFO - (138, 'http://0.0.0.0:8000/media/screenshots/criminals/1/2024/01/20/2024-01-20:06-13-44.jpg', datetime.datetime(2024, 1, 20, 6, 13, 44, 753162, tzinfo=datetime.timezone(datetime.timedelta(days=-1, seconds=68400))), 1, 1)
2024-01-20 11:14:13,979 - INFO - Camera: TempRecords object (168)
2024-01-20 06:14:33,463 - INFO - Result: 1
2024-01-20 06:14:33,463 - INFO - Full path: /home/ubuntu/project/BazaarSurveillance/media/screenshots/criminals/1/2024/01/20/2024-01-20:06-14-33.jpg
2024-01-20 06:14:33,463 - INFO - Frame existence: False
2024-01-20 06:14:33,491 - INFO - Path of image: media/screenshots/criminals/1/2024/01/20
2024-01-20 06:14:33,491 - INFO - file name: 2024-01-20:06-14-33.jpg
2024-01-20 06:14:33,491 - INFO - Adding to database: 1
2024-01-20 06:14:33,519 - INFO - None
2024-01-20 06:14:33,519 - INFO - (138, 'http://0.0.0.0:8000/media/screenshots/criminals/1/2024/01/20/2024-01-20:06-14-12.jpg', datetime.datetime(2024, 1, 20, 6, 14, 12, 561528, tzinfo=datetime.timezone(datetime.timedelta(days=-1, seconds=68400))), 1, 1)
2024-01-20 11:14:33,778 - INFO - Camera: TempRecords object (169)
2024-01-20 06:14:43,574 - INFO - Result: 1
2024-01-20 06:14:43,574 - INFO - Full path: /home/ubuntu/project/BazaarSurveillance/media/screenshots/criminals/1/2024/01/20/2024-01-20:06-14-43.jpg
2024-01-20 06:14:43,574 - INFO - Frame existence: False
2024-01-20 06:14:43,603 - INFO - Path of image: media/screenshots/criminals/1/2024/01/20
2024-01-20 06:14:43,603 - INFO - file name: 2024-01-20:06-14-43.jpg
2024-01-20 06:14:43,603 - INFO - Adding to database: 1
2024-01-20 06:14:43,622 - INFO - None
2024-01-20 06:14:43,622 - INFO - (138, 'http://0.0.0.0:8000/media/screenshots/criminals/1/2024/01/20/2024-01-20:06-14-33.jpg', datetime.datetime(2024, 1, 20, 6, 14, 33, 500169, tzinfo=datetime.timezone(datetime.timedelta(days=-1, seconds=68400))), 1, 1)
2024-01-20 11:14:43,912 - INFO - Camera: TempRecords object (170)
2024-01-20 06:15:00,344 - INFO - Result: 1
2024-01-20 06:15:00,344 - INFO - Full path: /home/ubuntu/project/BazaarSurveillance/media/screenshots/criminals/1/2024/01/20/2024-01-20:06-15-00.jpg
2024-01-20 06:15:00,344 - INFO - Frame existence: False
2024-01-20 06:15:00,373 - INFO - Path of image: media/screenshots/criminals/1/2024/01/20
2024-01-20 06:15:00,373 - INFO - file name: 2024-01-20:06-15-00.jpg
2024-01-20 06:15:00,373 - INFO - Adding to database: 1
2024-01-20 06:15:00,391 - INFO - None
2024-01-20 06:15:00,391 - INFO - (138, 'http://0.0.0.0:8000/media/screenshots/criminals/1/2024/01/20/2024-01-20:06-14-43.jpg', datetime.datetime(2024, 1, 20, 6, 14, 43, 612226, tzinfo=datetime.timezone(datetime.timedelta(days=-1, seconds=68400))), 1, 1)
2024-01-20 11:15:04,049 - INFO - Camera: TempRecords object (171)
2024-01-20 11:15:06,428 - WARNING - Not Found: /media/screenshots/criminals/1/2024/01/20/2024-01-20:04-54-29.jpg
2024-01-20 11:15:06,613 - WARNING - Not Found: /favicon.ico
2024-01-20 06:15:11,625 - INFO - Result: 1
2024-01-20 06:15:11,625 - INFO - Full path: /home/ubuntu/project/BazaarSurveillance/media/screenshots/criminals/1/2024/01/20/2024-01-20:06-15-11.jpg
2024-01-20 06:15:11,625 - INFO - Frame existence: False
2024-01-20 06:15:11,654 - INFO - Path of image: media/screenshots/criminals/1/2024/01/20
2024-01-20 06:15:11,654 - INFO - file name: 2024-01-20:06-15-11.jpg
2024-01-20 06:15:11,654 - INFO - Adding to database: 1
2024-01-20 06:15:11,681 - INFO - None
2024-01-20 06:15:11,681 - INFO - (138, 'http://0.0.0.0:8000/media/screenshots/criminals/1/2024/01/20/2024-01-20:06-15-00.jpg', datetime.datetime(2024, 1, 20, 6, 15, 0, 382257, tzinfo=datetime.timezone(datetime.timedelta(days=-1, seconds=68400))), 1, 1)
2024-01-20 11:15:18,912 - INFO - Camera: TempRecords object (172)
2024-01-20 06:15:37,034 - INFO - Result: 1
2024-01-20 06:15:37,034 - INFO - Full path: /home/ubuntu/project/BazaarSurveillance/media/screenshots/criminals/1/2024/01/20/2024-01-20:06-15-37.jpg
2024-01-20 06:15:37,034 - INFO - Frame existence: False
2024-01-20 06:15:37,062 - INFO - Path of image: media/screenshots/criminals/1/2024/01/20
2024-01-20 06:15:37,062 - INFO - file name: 2024-01-20:06-15-37.jpg
2024-01-20 06:15:37,062 - INFO - Adding to database: 1
2024-01-20 06:15:37,089 - INFO - None
2024-01-20 06:15:37,089 - INFO - (138, 'http://0.0.0.0:8000/media/screenshots/criminals/1/2024/01/20/2024-01-20:06-15-11.jpg', datetime.datetime(2024, 1, 20, 6, 15, 11, 662568, tzinfo=datetime.timezone(datetime.timedelta(days=-1, seconds=68400))), 1, 1)
2024-01-20 11:15:39,070 - INFO - Camera: TempRecords object (173)
2024-01-20 06:15:52,426 - INFO - Result: 1
2024-01-20 06:15:52,426 - INFO - Full path: /home/ubuntu/project/BazaarSurveillance/media/screenshots/criminals/1/2024/01/20/2024-01-20:06-15-52.jpg
2024-01-20 06:15:52,426 - INFO - Frame existence: False
2024-01-20 06:15:52,455 - INFO - Path of image: media/screenshots/criminals/1/2024/01/20
2024-01-20 06:15:52,455 - INFO - file name: 2024-01-20:06-15-52.jpg
2024-01-20 06:15:52,455 - INFO - Adding to database: 1
2024-01-20 06:15:52,482 - INFO - None
2024-01-20 06:15:52,482 - INFO - (138, 'http://0.0.0.0:8000/media/screenshots/criminals/1/2024/01/20/2024-01-20:06-15-37.jpg', datetime.datetime(2024, 1, 20, 6, 15, 37, 71260, tzinfo=datetime.timezone(datetime.timedelta(days=-1, seconds=68400))), 1, 1)
2024-01-20 11:15:54,008 - INFO - Camera: TempRecords object (174)
2024-01-20 06:16:18,436 - INFO - Result: 1
2024-01-20 06:16:18,436 - INFO - Full path: /home/ubuntu/project/BazaarSurveillance/media/screenshots/criminals/1/2024/01/20/2024-01-20:06-16-18.jpg
2024-01-20 06:16:18,436 - INFO - Frame existence: False
2024-01-20 06:16:18,465 - INFO - Path of image: media/screenshots/criminals/1/2024/01/20
2024-01-20 06:16:18,465 - INFO - file name: 2024-01-20:06-16-18.jpg
2024-01-20 06:16:18,465 - INFO - Adding to database: 1
2024-01-20 06:16:18,491 - INFO - None
2024-01-20 06:16:18,491 - INFO - (138, 'http://0.0.0.0:8000/media/screenshots/criminals/1/2024/01/20/2024-01-20:06-15-52.jpg', datetime.datetime(2024, 1, 20, 6, 15, 52, 463902, tzinfo=datetime.timezone(datetime.timedelta(days=-1, seconds=68400))), 1, 1)
2024-01-20 11:16:19,339 - INFO - Camera: TempRecords object (175)
2024-01-20 06:16:34,959 - INFO - Result: 1
2024-01-20 06:16:34,960 - INFO - Full path: /home/ubuntu/project/BazaarSurveillance/media/screenshots/criminals/1/2024/01/20/2024-01-20:06-16-34.jpg
2024-01-20 06:16:34,960 - INFO - Frame existence: False
2024-01-20 06:16:34,988 - INFO - Path of image: media/screenshots/criminals/1/2024/01/20
2024-01-20 06:16:34,988 - INFO - file name: 2024-01-20:06-16-34.jpg
2024-01-20 06:16:34,988 - INFO - Adding to database: 1
2024-01-20 06:16:35,015 - INFO - None
2024-01-20 06:16:35,015 - INFO - (138, 'http://0.0.0.0:8000/media/screenshots/criminals/1/2024/01/20/2024-01-20:06-16-18.jpg', datetime.datetime(2024, 1, 20, 6, 16, 18, 473684, tzinfo=datetime.timezone(datetime.timedelta(days=-1, seconds=68400))), 1, 1)
2024-01-20 11:16:44,084 - INFO - Camera: TempRecords object (176)
2024-01-20 06:17:05,427 - INFO - Connected to camera url: rtsp://admin:p@rolo12345@192.168.254.201:554/h264/ch41/main/av_stream
2024-01-20 06:17:05,427 - INFO - Connected to camera: rtsp://admin:p@rolo12345@192.168.254.201:554/h264/ch41/main/av_stream
2024-01-20 06:17:06,047 - INFO - Result: 1
2024-01-20 06:17:06,047 - INFO - Full path: /home/ubuntu/project/BazaarSurveillance/media/screenshots/criminals/1/2024/01/20/2024-01-20:06-17-06.jpg
2024-01-20 06:17:06,047 - INFO - Frame existence: False
2024-01-20 06:17:06,076 - INFO - Path of image: media/screenshots/criminals/1/2024/01/20
2024-01-20 06:17:06,076 - INFO - file name: 2024-01-20:06-17-06.jpg
2024-01-20 06:17:06,076 - INFO - Adding to database: 1
2024-01-20 06:17:06,103 - INFO - None
2024-01-20 06:17:06,103 - INFO - (138, 'http://0.0.0.0:8000/media/screenshots/criminals/1/2024/01/20/2024-01-20:06-16-34.jpg', datetime.datetime(2024, 1, 20, 6, 16, 34, 997132, tzinfo=datetime.timezone(datetime.timedelta(days=-1, seconds=68400))), 1, 1)
2024-01-20 11:17:09,384 - INFO - Camera: TempRecords object (177)
2024-01-20 06:17:22,601 - INFO - Result: 1
2024-01-20 06:17:22,601 - INFO - Full path: /home/ubuntu/project/BazaarSurveillance/media/screenshots/criminals/1/2024/01/20/2024-01-20:06-17-22.jpg
2024-01-20 06:17:22,601 - INFO - Frame existence: False
2024-01-20 06:17:22,630 - INFO - Path of image: media/screenshots/criminals/1/2024/01/20
2024-01-20 06:17:22,630 - INFO - file name: 2024-01-20:06-17-22.jpg
2024-01-20 06:17:22,630 - INFO - Adding to database: 1
2024-01-20 06:17:22,648 - INFO - None
2024-01-20 06:17:22,648 - INFO - (138, 'http://192.168.1.252/media/screenshots/criminals/1/2024/01/20/2024-01-20:06-17-06.jpg', datetime.datetime(2024, 1, 20, 6, 17, 6, 84866, tzinfo=datetime.timezone(datetime.timedelta(days=-1, seconds=68400))), 1, 1)
2024-01-20 11:17:24,283 - INFO - Camera: TempRecords object (178)
2024-01-20 06:17:33,101 - INFO - Result: 1
2024-01-20 06:17:33,101 - INFO - Full path: /home/ubuntu/project/BazaarSurveillance/media/screenshots/criminals/1/2024/01/20/2024-01-20:06-17-33.jpg
2024-01-20 06:17:33,101 - INFO - Frame existence: False
2024-01-20 06:17:33,129 - INFO - Path of image: media/screenshots/criminals/1/2024/01/20
2024-01-20 06:17:33,129 - INFO - file name: 2024-01-20:06-17-33.jpg
2024-01-20 06:17:33,129 - INFO - Adding to database: 1
2024-01-20 06:17:33,156 - INFO - None
2024-01-20 06:17:33,156 - INFO - (138, 'http://192.168.1.252/media/screenshots/criminals/1/2024/01/20/2024-01-20:06-17-22.jpg', datetime.datetime(2024, 1, 20, 6, 17, 22, 638734, tzinfo=datetime.timezone(datetime.timedelta(days=-1, seconds=68400))), 1, 1)
2024-01-20 11:17:34,211 - INFO - Camera: TempRecords object (179)
2024-01-20 06:18:11,652 - INFO - Result: 1
2024-01-20 06:18:11,652 - INFO - Full path: /home/ubuntu/project/BazaarSurveillance/media/screenshots/criminals/1/2024/01/20/2024-01-20:06-18-11.jpg
2024-01-20 06:18:11,652 - INFO - Frame existence: False
2024-01-20 06:18:11,681 - INFO - Path of image: media/screenshots/criminals/1/2024/01/20
2024-01-20 06:18:11,681 - INFO - file name: 2024-01-20:06-18-11.jpg
2024-01-20 06:18:11,681 - INFO - Adding to database: 1
2024-01-20 06:18:11,708 - INFO - None
2024-01-20 06:18:11,708 - INFO - (138, 'http://192.168.1.252/media/screenshots/criminals/1/2024/01/20/2024-01-20:06-17-33.jpg', datetime.datetime(2024, 1, 20, 6, 17, 33, 138388, tzinfo=datetime.timezone(datetime.timedelta(days=-1, seconds=68400))), 1, 1)
2024-01-20 11:18:13,416 - INFO - Camera: TempRecords object (180)
2024-01-20 06:18:25,739 - INFO - Connected to camera url: rtsp://admin:p@rolo12345@192.168.254.201:554/h264/ch41/main/av_stream
2024-01-20 06:18:25,739 - INFO - Connected to camera: rtsp://admin:p@rolo12345@192.168.254.201:554/h264/ch41/main/av_stream
2024-01-20 06:18:25,836 - INFO - Result: 1
2024-01-20 06:18:25,836 - INFO - Full path: /home/ubuntu/project/BazaarSurveillance/media/screenshots/criminals/1/2024/01/20/2024-01-20:06-18-25.jpg
2024-01-20 06:18:25,836 - INFO - Frame existence: False
2024-01-20 06:18:25,865 - INFO - Path of image: media/screenshots/criminals/1/2024/01/20
2024-01-20 06:18:25,865 - INFO - file name: 2024-01-20:06-18-25.jpg
2024-01-20 06:18:25,865 - INFO - Adding to database: 1
2024-01-20 06:18:25,883 - INFO - None
2024-01-20 06:18:25,883 - INFO - (138, 'http://192.168.1.252/media/screenshots/criminals/1/2024/01/20/2024-01-20:06-18-11.jpg', datetime.datetime(2024, 1, 20, 6, 18, 11, 690177, tzinfo=datetime.timezone(datetime.timedelta(days=-1, seconds=68400))), 1, 1)
2024-01-20 11:18:28,658 - INFO - Camera: TempRecords object (181)
2024-01-20 06:18:41,083 - INFO - Result: 1
2024-01-20 06:18:41,083 - INFO - Full path: /home/ubuntu/project/BazaarSurveillance/media/screenshots/criminals/1/2024/01/20/2024-01-20:06-18-41.jpg
2024-01-20 06:18:41,083 - INFO - Frame existence: False
2024-01-20 06:18:41,111 - INFO - Path of image: media/screenshots/criminals/1/2024/01/20
2024-01-20 06:18:41,111 - INFO - file name: 2024-01-20:06-18-41.jpg
2024-01-20 06:18:41,111 - INFO - Adding to database: 1
2024-01-20 06:18:41,138 - INFO - None
2024-01-20 06:18:41,138 - INFO - (138, 'http://192.168.1.252/media/screenshots/criminals/1/2024/01/20/2024-01-20:06-18-25.jpg', datetime.datetime(2024, 1, 20, 6, 18, 25, 873572, tzinfo=datetime.timezone(datetime.timedelta(days=-1, seconds=68400))), 1, 1)
2024-01-20 11:18:43,393 - INFO - Camera: TempRecords object (182)
2024-01-20 06:20:07,773 - INFO - Result: 1
2024-01-20 06:20:07,773 - INFO - Full path: /home/ubuntu/project/BazaarSurveillance/media/screenshots/criminals/1/2024/01/20/2024-01-20:06-20-07.jpg
2024-01-20 06:20:07,773 - INFO - Frame existence: False
2024-01-20 06:20:07,801 - INFO - Path of image: media/screenshots/criminals/1/2024/01/20
2024-01-20 06:20:07,801 - INFO - file name: 2024-01-20:06-20-07.jpg
2024-01-20 06:20:07,801 - INFO - Adding to database: 1
2024-01-20 06:20:07,828 - INFO - None
2024-01-20 06:20:07,829 - INFO - (138, 'http://192.168.1.252/media/screenshots/criminals/1/2024/01/20/2024-01-20:06-18-41.jpg', datetime.datetime(2024, 1, 20, 6, 18, 41, 120008, tzinfo=datetime.timezone(datetime.timedelta(days=-1, seconds=68400))), 1, 1)
2024-01-20 11:20:13,748 - INFO - Camera: TempRecords object (183)
2024-01-20 06:20:18,167 - INFO - Result: 1
2024-01-20 06:20:18,167 - INFO - Full path: /home/ubuntu/project/BazaarSurveillance/media/screenshots/criminals/1/2024/01/20/2024-01-20:06-20-18.jpg
2024-01-20 06:20:18,167 - INFO - Frame existence: False
2024-01-20 06:20:18,195 - INFO - Path of image: media/screenshots/criminals/1/2024/01/20
2024-01-20 06:20:18,195 - INFO - file name: 2024-01-20:06-20-18.jpg
2024-01-20 06:20:18,195 - INFO - Adding to database: 1
2024-01-20 06:20:18,214 - INFO - None
2024-01-20 06:20:18,214 - INFO - (138, 'http://192.168.1.252/media/screenshots/criminals/1/2024/01/20/2024-01-20:06-20-07.jpg', datetime.datetime(2024, 1, 20, 6, 20, 7, 810261, tzinfo=datetime.timezone(datetime.timedelta(days=-1, seconds=68400))), 1, 1)
2024-01-20 11:20:18,629 - INFO - Camera: TempRecords object (184)
2024-01-20 06:20:43,217 - INFO - Result: 1
2024-01-20 06:20:43,217 - INFO - Full path: /home/ubuntu/project/BazaarSurveillance/media/screenshots/criminals/1/2024/01/20/2024-01-20:06-20-43.jpg
2024-01-20 06:20:43,217 - INFO - Frame existence: False
2024-01-20 06:20:43,245 - INFO - Path of image: media/screenshots/criminals/1/2024/01/20
2024-01-20 06:20:43,245 - INFO - file name: 2024-01-20:06-20-43.jpg
2024-01-20 06:20:43,245 - INFO - Adding to database: 1
2024-01-20 06:20:43,272 - INFO - None
2024-01-20 06:20:43,272 - INFO - (138, 'http://192.168.1.252/media/screenshots/criminals/1/2024/01/20/2024-01-20:06-20-18.jpg', datetime.datetime(2024, 1, 20, 6, 20, 18, 204079, tzinfo=datetime.timezone(datetime.timedelta(days=-1, seconds=68400))), 1, 1)
2024-01-20 11:20:43,652 - INFO - Camera: TempRecords object (185)
2024-01-20 06:20:53,808 - INFO - Result: 1
2024-01-20 06:20:53,808 - INFO - Full path: /home/ubuntu/project/BazaarSurveillance/media/screenshots/criminals/1/2024/01/20/2024-01-20:06-20-53.jpg
2024-01-20 06:20:53,808 - INFO - Frame existence: False
2024-01-20 06:20:53,836 - INFO - Path of image: media/screenshots/criminals/1/2024/01/20
2024-01-20 06:20:53,837 - INFO - file name: 2024-01-20:06-20-53.jpg
2024-01-20 06:20:53,837 - INFO - Adding to database: 1
2024-01-20 06:20:53,863 - INFO - None
2024-01-20 06:20:53,863 - INFO - (138, 'http://192.168.1.252/media/screenshots/criminals/1/2024/01/20/2024-01-20:06-20-43.jpg', datetime.datetime(2024, 1, 20, 6, 20, 43, 254169, tzinfo=datetime.timezone(datetime.timedelta(days=-1, seconds=68400))), 1, 1)
2024-01-20 11:20:58,594 - INFO - Camera: TempRecords object (186)
2024-01-20 06:21:12,204 - INFO - Result: 1
2024-01-20 06:21:12,204 - INFO - Full path: /home/ubuntu/project/BazaarSurveillance/media/screenshots/criminals/1/2024/01/20/2024-01-20:06-21-12.jpg
2024-01-20 06:21:12,204 - INFO - Frame existence: False
2024-01-20 06:21:12,233 - INFO - Path of image: media/screenshots/criminals/1/2024/01/20
2024-01-20 06:21:12,233 - INFO - file name: 2024-01-20:06-21-12.jpg
2024-01-20 06:21:12,233 - INFO - Adding to database: 1
2024-01-20 06:21:12,252 - INFO - None
2024-01-20 06:21:12,252 - INFO - (138, 'http://192.168.1.252/media/screenshots/criminals/1/2024/01/20/2024-01-20:06-20-53.jpg', datetime.datetime(2024, 1, 20, 6, 20, 53, 845215, tzinfo=datetime.timezone(datetime.timedelta(days=-1, seconds=68400))), 1, 1)
2024-01-20 11:21:18,451 - INFO - Camera: TempRecords object (187)
2024-01-20 06:21:20,584 - INFO - Connected to camera url: rtsp://admin:p@rolo12345@192.168.254.201:554/h264/ch41/main/av_stream
2024-01-20 06:21:20,584 - INFO - Connected to camera: rtsp://admin:p@rolo12345@192.168.254.201:554/h264/ch41/main/av_stream
2024-01-20 06:21:24,259 - INFO - Result: 1
2024-01-20 06:21:24,259 - INFO - Full path: /home/ubuntu/project/BazaarSurveillance/media/screenshots/criminals/1/2024/01/20/2024-01-20:06-21-24.jpg
2024-01-20 06:21:24,259 - INFO - Frame existence: False
2024-01-20 06:21:24,287 - INFO - Path of image: media/screenshots/criminals/1/2024/01/20
2024-01-20 06:21:24,288 - INFO - file name: 2024-01-20:06-21-24.jpg
2024-01-20 06:21:24,288 - INFO - Adding to database: 1
2024-01-20 06:21:24,314 - INFO - None
2024-01-20 06:21:24,314 - INFO - (138, 'http://192.168.1.252/media/screenshots/criminals/1/2024/01/20/2024-01-20:06-21-12.jpg', datetime.datetime(2024, 1, 20, 6, 21, 12, 242359, tzinfo=datetime.timezone(datetime.timedelta(days=-1, seconds=68400))), 1, 1)
2024-01-20 11:21:28,309 - INFO - Camera: TempRecords object (188)
2024-01-20 06:22:39,830 - INFO - Result: 1
2024-01-20 06:22:39,831 - INFO - Full path: /home/ubuntu/project/BazaarSurveillance/media/screenshots/criminals/1/2024/01/20/2024-01-20:06-22-39.jpg
2024-01-20 06:22:39,831 - INFO - Frame existence: False
2024-01-20 06:22:39,859 - INFO - Path of image: media/screenshots/criminals/1/2024/01/20
2024-01-20 06:22:39,859 - INFO - file name: 2024-01-20:06-22-39.jpg
2024-01-20 06:22:39,859 - INFO - Adding to database: 1
2024-01-20 06:22:39,885 - INFO - None
2024-01-20 06:22:39,885 - INFO - (138, 'http://192.168.1.252:8000/media/screenshots/criminals/1/2024/01/20/2024-01-20:06-21-24.jpg', datetime.datetime(2024, 1, 20, 6, 21, 24, 296119, tzinfo=datetime.timezone(datetime.timedelta(days=-1, seconds=68400))), 1, 1)
2024-01-20 11:22:42,410 - INFO - Camera: TempRecords object (189)
2024-01-20 06:22:50,841 - INFO - Result: 1
2024-01-20 06:22:50,841 - INFO - Full path: /home/ubuntu/project/BazaarSurveillance/media/screenshots/criminals/1/2024/01/20/2024-01-20:06-22-50.jpg
2024-01-20 06:22:50,841 - INFO - Frame existence: False
2024-01-20 06:22:50,869 - INFO - Path of image: media/screenshots/criminals/1/2024/01/20
2024-01-20 06:22:50,869 - INFO - file name: 2024-01-20:06-22-50.jpg
2024-01-20 06:22:50,869 - INFO - Adding to database: 1
2024-01-20 06:22:50,896 - INFO - None
2024-01-20 06:22:50,896 - INFO - (138, 'http://192.168.1.252:8000/media/screenshots/criminals/1/2024/01/20/2024-01-20:06-22-39.jpg', datetime.datetime(2024, 1, 20, 6, 22, 39, 867896, tzinfo=datetime.timezone(datetime.timedelta(days=-1, seconds=68400))), 1, 1)
2024-01-20 11:22:52,373 - INFO - Camera: TempRecords object (190)
2024-01-20 06:25:29,096 - INFO - Result: 1
2024-01-20 06:25:29,096 - INFO - Full path: /home/ubuntu/project/BazaarSurveillance/media/screenshots/criminals/1/2024/01/20/2024-01-20:06-25-29.jpg
2024-01-20 06:25:29,096 - INFO - Frame existence: False
2024-01-20 06:25:29,124 - INFO - Path of image: media/screenshots/criminals/1/2024/01/20
2024-01-20 06:25:29,124 - INFO - file name: 2024-01-20:06-25-29.jpg
2024-01-20 06:25:29,124 - INFO - Adding to database: 1
2024-01-20 06:25:29,151 - INFO - None
2024-01-20 06:25:29,151 - INFO - (138, 'http://192.168.1.252:8000/media/screenshots/criminals/1/2024/01/20/2024-01-20:06-22-50.jpg', datetime.datetime(2024, 1, 20, 6, 22, 50, 877969, tzinfo=datetime.timezone(datetime.timedelta(days=-1, seconds=68400))), 1, 1)
2024-01-20 11:25:29,519 - INFO - Camera: TempRecords object (191)
2024-01-20 06:25:55,948 - INFO - Result: 1
2024-01-20 06:25:55,948 - INFO - Full path: /home/ubuntu/project/BazaarSurveillance/media/screenshots/criminals/1/2024/01/20/2024-01-20:06-25-55.jpg
2024-01-20 06:25:55,949 - INFO - Frame existence: False
2024-01-20 06:25:55,977 - INFO - Path of image: media/screenshots/criminals/1/2024/01/20
2024-01-20 06:25:55,977 - INFO - file name: 2024-01-20:06-25-55.jpg
2024-01-20 06:25:55,977 - INFO - Adding to database: 1
2024-01-20 06:25:56,004 - INFO - None
2024-01-20 06:25:56,005 - INFO - None
2024-01-20 11:25:59,648 - INFO - Camera: TempRecords object (192)
2024-01-20 06:26:06,147 - INFO - Result: 1
2024-01-20 06:26:06,147 - INFO - Full path: /home/ubuntu/project/BazaarSurveillance/media/screenshots/criminals/1/2024/01/20/2024-01-20:06-26-06.jpg
2024-01-20 06:26:06,147 - INFO - Frame existence: False
2024-01-20 06:26:06,175 - INFO - Path of image: media/screenshots/criminals/1/2024/01/20
2024-01-20 06:26:06,175 - INFO - file name: 2024-01-20:06-26-06.jpg
2024-01-20 06:26:06,175 - INFO - Adding to database: 1
2024-01-20 06:26:06,194 - INFO - None
2024-01-20 06:26:06,194 - INFO - (139, 'http://192.168.1.252:8000/media/screenshots/criminals/1/2024/01/20/2024-01-20:06-25-55.jpg', datetime.datetime(2024, 1, 20, 6, 25, 55, 986182, tzinfo=datetime.timezone(datetime.timedelta(days=-1, seconds=68400))), 1, 1)
2024-01-20 11:26:09,784 - INFO - Camera: TempRecords object (193)
2024-01-20 06:26:38,308 - INFO - Result: 1
2024-01-20 06:26:38,308 - INFO - Full path: /home/ubuntu/project/BazaarSurveillance/media/screenshots/criminals/1/2024/01/20/2024-01-20:06-26-38.jpg
2024-01-20 06:26:38,308 - INFO - Frame existence: False
2024-01-20 06:26:38,337 - INFO - Path of image: media/screenshots/criminals/1/2024/01/20
2024-01-20 06:26:38,337 - INFO - file name: 2024-01-20:06-26-38.jpg
2024-01-20 06:26:38,337 - INFO - Adding to database: 1
2024-01-20 06:26:38,364 - INFO - None
2024-01-20 06:26:38,365 - INFO - (139, 'http://192.168.1.252:8000/media/screenshots/criminals/1/2024/01/20/2024-01-20:06-26-06.jpg', datetime.datetime(2024, 1, 20, 6, 26, 6, 184647, tzinfo=datetime.timezone(datetime.timedelta(days=-1, seconds=68400))), 1, 1)
2024-01-20 11:26:39,685 - INFO - Camera: TempRecords object (194)
2024-01-20 06:26:49,591 - INFO - Result: 1
2024-01-20 06:26:49,591 - INFO - Full path: /home/ubuntu/project/BazaarSurveillance/media/screenshots/criminals/1/2024/01/20/2024-01-20:06-26-49.jpg
2024-01-20 06:26:49,591 - INFO - Frame existence: False
2024-01-20 06:26:49,620 - INFO - Path of image: media/screenshots/criminals/1/2024/01/20
2024-01-20 06:26:49,620 - INFO - file name: 2024-01-20:06-26-49.jpg
2024-01-20 06:26:49,620 - INFO - Adding to database: 1
2024-01-20 06:26:49,651 - INFO - None
2024-01-20 06:26:49,652 - INFO - (139, 'http://192.168.1.252:8000/media/screenshots/criminals/1/2024/01/20/2024-01-20:06-26-38.jpg', datetime.datetime(2024, 1, 20, 6, 26, 38, 345859, tzinfo=datetime.timezone(datetime.timedelta(days=-1, seconds=68400))), 1, 1)
2024-01-20 11:26:54,810 - INFO - Camera: TempRecords object (195)
2024-01-20 06:27:02,791 - INFO - Result: 1
2024-01-20 06:27:02,791 - INFO - Full path: /home/ubuntu/project/BazaarSurveillance/media/screenshots/criminals/1/2024/01/20/2024-01-20:06-27-02.jpg
2024-01-20 06:27:02,791 - INFO - Frame existence: False
2024-01-20 06:27:02,820 - INFO - Path of image: media/screenshots/criminals/1/2024/01/20
2024-01-20 06:27:02,820 - INFO - file name: 2024-01-20:06-27-02.jpg
2024-01-20 06:27:02,820 - INFO - Adding to database: 1
2024-01-20 06:27:02,844 - INFO - None
2024-01-20 06:27:02,844 - INFO - (139, 'http://192.168.1.252:8000/media/screenshots/criminals/1/2024/01/20/2024-01-20:06-26-49.jpg', datetime.datetime(2024, 1, 20, 6, 26, 49, 629534, tzinfo=datetime.timezone(datetime.timedelta(days=-1, seconds=68400))), 1, 1)
2024-01-20 11:27:04,743 - INFO - Camera: TempRecords object (196)
2024-01-20 06:27:17,046 - INFO - Result: 1
2024-01-20 06:27:17,046 - INFO - Full path: /home/ubuntu/project/BazaarSurveillance/media/screenshots/criminals/1/2024/01/20/2024-01-20:06-27-17.jpg
2024-01-20 06:27:17,046 - INFO - Frame existence: False
2024-01-20 06:27:17,074 - INFO - Path of image: media/screenshots/criminals/1/2024/01/20
2024-01-20 06:27:17,074 - INFO - file name: 2024-01-20:06-27-17.jpg
2024-01-20 06:27:17,074 - INFO - Adding to database: 1
2024-01-20 06:27:17,102 - INFO - None
2024-01-20 06:27:17,102 - INFO - (139, 'http://192.168.1.252:8000/media/screenshots/criminals/1/2024/01/20/2024-01-20:06-27-02.jpg', datetime.datetime(2024, 1, 20, 6, 27, 2, 829497, tzinfo=datetime.timezone(datetime.timedelta(days=-1, seconds=68400))), 1, 1)
2024-01-20 11:27:24,912 - INFO - Camera: TempRecords object (197)
2024-01-20 06:27:30,363 - INFO - Result: 1
2024-01-20 06:27:30,363 - INFO - Full path: /home/ubuntu/project/BazaarSurveillance/media/screenshots/criminals/1/2024/01/20/2024-01-20:06-27-30.jpg
2024-01-20 06:27:30,363 - INFO - Frame existence: False
2024-01-20 06:27:30,392 - INFO - Path of image: media/screenshots/criminals/1/2024/01/20
2024-01-20 06:27:30,392 - INFO - file name: 2024-01-20:06-27-30.jpg
2024-01-20 06:27:30,392 - INFO - Adding to database: 1
2024-01-20 06:27:30,412 - INFO - None
2024-01-20 06:27:30,412 - INFO - (139, 'http://192.168.1.252:8000/media/screenshots/criminals/1/2024/01/20/2024-01-20:06-27-17.jpg', datetime.datetime(2024, 1, 20, 6, 27, 17, 83809, tzinfo=datetime.timezone(datetime.timedelta(days=-1, seconds=68400))), 1, 1)
2024-01-20 11:27:36,468 - INFO - Camera: TempRecords object (198)
2024-01-20 06:27:46,774 - INFO - Result: 1
2024-01-20 06:27:46,774 - INFO - Full path: /home/ubuntu/project/BazaarSurveillance/media/screenshots/criminals/1/2024/01/20/2024-01-20:06-27-46.jpg
2024-01-20 06:27:46,774 - INFO - Frame existence: False
2024-01-20 06:27:46,803 - INFO - Path of image: media/screenshots/criminals/1/2024/01/20
2024-01-20 06:27:46,803 - INFO - file name: 2024-01-20:06-27-46.jpg
2024-01-20 06:27:46,803 - INFO - Adding to database: 1
2024-01-20 06:27:46,823 - INFO - None
2024-01-20 06:27:46,823 - INFO - (139, 'http://192.168.1.252:8000/media/screenshots/criminals/1/2024/01/20/2024-01-20:06-27-30.jpg', datetime.datetime(2024, 1, 20, 6, 27, 30, 400940, tzinfo=datetime.timezone(datetime.timedelta(days=-1, seconds=68400))), 1, 1)
2024-01-20 11:27:53,017 - INFO - Camera: TempRecords object (199)
2024-01-20 06:28:06,596 - INFO - Result: 1
2024-01-20 06:28:06,597 - INFO - Full path: /home/ubuntu/project/BazaarSurveillance/media/screenshots/criminals/1/2024/01/20/2024-01-20:06-28-06.jpg
2024-01-20 06:28:06,597 - INFO - Frame existence: False
2024-01-20 06:28:06,625 - INFO - Path of image: media/screenshots/criminals/1/2024/01/20
2024-01-20 06:28:06,625 - INFO - file name: 2024-01-20:06-28-06.jpg
2024-01-20 06:28:06,625 - INFO - Adding to database: 1
2024-01-20 06:28:06,652 - INFO - None
2024-01-20 06:28:06,652 - INFO - (139, 'http://192.168.1.252:8000/media/screenshots/criminals/1/2024/01/20/2024-01-20:06-27-46.jpg', datetime.datetime(2024, 1, 20, 6, 27, 46, 812331, tzinfo=datetime.timezone(datetime.timedelta(days=-1, seconds=68400))), 1, 1)
2024-01-20 11:28:08,139 - INFO - Camera: TempRecords object (200)
2024-01-20 11:28:39,946 - DEBUG - Importing BlpImagePlugin
2024-01-20 11:28:39,947 - DEBUG - Importing BmpImagePlugin
2024-01-20 11:28:39,947 - DEBUG - Importing BufrStubImagePlugin
2024-01-20 11:28:39,947 - DEBUG - Importing CurImagePlugin
2024-01-20 11:28:39,947 - DEBUG - Importing DcxImagePlugin
2024-01-20 11:28:39,947 - DEBUG - Importing DdsImagePlugin
2024-01-20 11:28:39,947 - DEBUG - Importing EpsImagePlugin
2024-01-20 11:28:39,948 - DEBUG - Importing FitsStubImagePlugin
2024-01-20 11:28:39,948 - DEBUG - Importing FliImagePlugin
2024-01-20 11:28:39,948 - DEBUG - Importing FpxImagePlugin
2024-01-20 11:28:39,950 - DEBUG - Importing FtexImagePlugin
2024-01-20 11:28:39,950 - DEBUG - Importing GbrImagePlugin
2024-01-20 11:28:39,950 - DEBUG - Importing GifImagePlugin
2024-01-20 11:28:39,950 - DEBUG - Importing GribStubImagePlugin
2024-01-20 11:28:39,950 - DEBUG - Importing Hdf5StubImagePlugin
2024-01-20 11:28:39,951 - DEBUG - Importing IcnsImagePlugin
2024-01-20 11:28:39,953 - DEBUG - Importing IcoImagePlugin
2024-01-20 11:28:39,953 - DEBUG - Importing ImImagePlugin
2024-01-20 11:28:39,953 - DEBUG - Importing ImtImagePlugin
2024-01-20 11:28:39,954 - DEBUG - Importing IptcImagePlugin
2024-01-20 11:28:39,954 - DEBUG - Importing JpegImagePlugin
2024-01-20 11:28:39,954 - DEBUG - Importing Jpeg2KImagePlugin
2024-01-20 11:28:39,954 - DEBUG - Importing McIdasImagePlugin
2024-01-20 11:28:39,954 - DEBUG - Importing MicImagePlugin
2024-01-20 11:28:39,954 - DEBUG - Importing MpegImagePlugin
2024-01-20 11:28:39,954 - DEBUG - Importing MpoImagePlugin
2024-01-20 11:28:39,955 - DEBUG - Importing MspImagePlugin
2024-01-20 11:28:39,955 - DEBUG - Importing PalmImagePlugin
2024-01-20 11:28:39,955 - DEBUG - Importing PcdImagePlugin
2024-01-20 11:28:39,955 - DEBUG - Importing PcxImagePlugin
2024-01-20 11:28:39,955 - DEBUG - Importing PdfImagePlugin
2024-01-20 11:28:39,958 - DEBUG - Importing PixarImagePlugin
2024-01-20 11:28:39,959 - DEBUG - Importing PngImagePlugin
2024-01-20 11:28:39,959 - DEBUG - Importing PpmImagePlugin
2024-01-20 11:28:39,959 - DEBUG - Importing PsdImagePlugin
2024-01-20 11:28:39,959 - DEBUG - Importing SgiImagePlugin
2024-01-20 11:28:39,959 - DEBUG - Importing SpiderImagePlugin
2024-01-20 11:28:39,960 - DEBUG - Importing SunImagePlugin
2024-01-20 11:28:39,960 - DEBUG - Importing TgaImagePlugin
2024-01-20 11:28:39,960 - DEBUG - Importing TiffImagePlugin
2024-01-20 11:28:39,960 - DEBUG - Importing WebPImagePlugin
2024-01-20 11:28:39,961 - DEBUG - Importing WmfImagePlugin
2024-01-20 11:28:39,961 - DEBUG - Importing XbmImagePlugin
2024-01-20 11:28:39,961 - DEBUG - Importing XpmImagePlugin
2024-01-20 11:28:39,962 - DEBUG - Importing XVThumbImagePlugin
2024-01-20 11:28:39,992 - ERROR - Internal Server Error: /api/camera/
Traceback (most recent call last):
  File "/home/ubuntu/.local/lib/python3.10/site-packages/django/db/backends/utils.py", line 105, in _execute
    return self.cursor.execute(sql, params)
psycopg2.errors.UniqueViolation: duplicate key value violates unique constraint "api_camera_pkey"
DETAIL:  Key (id)=(1) already exists.


The above exception was the direct cause of the following exception:

Traceback (most recent call last):
  File "/home/ubuntu/.local/lib/python3.10/site-packages/django/core/handlers/exception.py", line 55, in inner
    response = get_response(request)
  File "/home/ubuntu/.local/lib/python3.10/site-packages/django/core/handlers/base.py", line 197, in _get_response
    response = wrapped_callback(request, *callback_args, **callback_kwargs)
  File "/home/ubuntu/.local/lib/python3.10/site-packages/django/views/decorators/csrf.py", line 65, in _view_wrapper
    return view_func(request, *args, **kwargs)
  File "/home/ubuntu/.local/lib/python3.10/site-packages/rest_framework/viewsets.py", line 125, in view
    return self.dispatch(request, *args, **kwargs)
  File "/home/ubuntu/.local/lib/python3.10/site-packages/rest_framework/views.py", line 509, in dispatch
    response = self.handle_exception(exc)
  File "/home/ubuntu/.local/lib/python3.10/site-packages/rest_framework/views.py", line 469, in handle_exception
    self.raise_uncaught_exception(exc)
  File "/home/ubuntu/.local/lib/python3.10/site-packages/rest_framework/views.py", line 480, in raise_uncaught_exception
    raise exc
  File "/home/ubuntu/.local/lib/python3.10/site-packages/rest_framework/views.py", line 506, in dispatch
    response = handler(request, *args, **kwargs)
  File "/home/ubuntu/.local/lib/python3.10/site-packages/rest_framework/mixins.py", line 19, in create
    self.perform_create(serializer)
  File "/home/ubuntu/.local/lib/python3.10/site-packages/rest_framework/mixins.py", line 24, in perform_create
    serializer.save()
  File "/home/ubuntu/.local/lib/python3.10/site-packages/rest_framework/serializers.py", line 212, in save
    self.instance = self.create(validated_data)
  File "/home/ubuntu/project/BazaarSurveillance/api/serializers.py", line 29, in create
    instance = Camera.objects.create(**validated_data)
  File "/home/ubuntu/.local/lib/python3.10/site-packages/django/db/models/manager.py", line 87, in manager_method
    return getattr(self.get_queryset(), name)(*args, **kwargs)
  File "/home/ubuntu/.local/lib/python3.10/site-packages/django/db/models/query.py", line 677, in create
    obj.save(force_insert=True, using=self.db)
  File "/home/ubuntu/.local/lib/python3.10/site-packages/django/db/models/base.py", line 822, in save
    self.save_base(
  File "/home/ubuntu/.local/lib/python3.10/site-packages/django/db/models/base.py", line 909, in save_base
    updated = self._save_table(
  File "/home/ubuntu/.local/lib/python3.10/site-packages/django/db/models/base.py", line 1067, in _save_table
    results = self._do_insert(
  File "/home/ubuntu/.local/lib/python3.10/site-packages/django/db/models/base.py", line 1108, in _do_insert
    return manager._insert(
  File "/home/ubuntu/.local/lib/python3.10/site-packages/django/db/models/manager.py", line 87, in manager_method
    return getattr(self.get_queryset(), name)(*args, **kwargs)
  File "/home/ubuntu/.local/lib/python3.10/site-packages/django/db/models/query.py", line 1845, in _insert
    return query.get_compiler(using=using).execute_sql(returning_fields)
  File "/home/ubuntu/.local/lib/python3.10/site-packages/django/db/models/sql/compiler.py", line 1823, in execute_sql
    cursor.execute(sql, params)
  File "/home/ubuntu/.local/lib/python3.10/site-packages/django/db/backends/utils.py", line 122, in execute
    return super().execute(sql, params)
  File "/home/ubuntu/.local/lib/python3.10/site-packages/django/db/backends/utils.py", line 79, in execute
    return self._execute_with_wrappers(
  File "/home/ubuntu/.local/lib/python3.10/site-packages/django/db/backends/utils.py", line 92, in _execute_with_wrappers
    return executor(sql, params, many, context)
  File "/home/ubuntu/.local/lib/python3.10/site-packages/django/db/backends/utils.py", line 100, in _execute
    with self.db.wrap_database_errors:
  File "/home/ubuntu/.local/lib/python3.10/site-packages/django/db/utils.py", line 91, in __exit__
    raise dj_exc_value.with_traceback(traceback) from exc_value
  File "/home/ubuntu/.local/lib/python3.10/site-packages/django/db/backends/utils.py", line 105, in _execute
    return self.cursor.execute(sql, params)
django.db.utils.IntegrityError: duplicate key value violates unique constraint "api_camera_pkey"
DETAIL:  Key (id)=(1) already exists.

2024-01-20 11:28:58,896 - WARNING - Unauthorized: /api/camera/
2024-01-20 06:29:27,758 - INFO - Result: 1
2024-01-20 06:29:27,758 - INFO - Full path: /home/ubuntu/project/BazaarSurveillance/media/screenshots/criminals/1/2024/01/20/2024-01-20:06-29-27.jpg
2024-01-20 06:29:27,758 - INFO - Frame existence: False
2024-01-20 06:29:27,786 - INFO - Path of image: media/screenshots/criminals/1/2024/01/20
2024-01-20 06:29:27,786 - INFO - file name: 2024-01-20:06-29-27.jpg
2024-01-20 06:29:27,786 - INFO - Adding to database: 1
2024-01-20 06:29:27,815 - INFO - None
2024-01-20 06:29:27,816 - INFO - None
2024-01-20 11:29:36,183 - INFO - Camera: TempRecords object (201)
2024-01-20 06:29:38,168 - INFO - Result: 1
2024-01-20 06:29:38,168 - INFO - Full path: /home/ubuntu/project/BazaarSurveillance/media/screenshots/criminals/1/2024/01/20/2024-01-20:06-29-38.jpg
2024-01-20 06:29:38,168 - INFO - Frame existence: False
2024-01-20 06:29:38,197 - INFO - Path of image: media/screenshots/criminals/1/2024/01/20
2024-01-20 06:29:38,197 - INFO - file name: 2024-01-20:06-29-38.jpg
2024-01-20 06:29:38,197 - INFO - Adding to database: 1
2024-01-20 06:29:38,216 - INFO - None
2024-01-20 06:29:38,217 - INFO - None
2024-01-20 11:29:41,144 - INFO - Camera: TempRecords object (202)
2024-01-20 06:32:24,079 - INFO - Result: 1
2024-01-20 06:32:24,079 - INFO - Full path: /home/ubuntu/project/BazaarSurveillance/media/screenshots/criminals/1/2024/01/20/2024-01-20:06-32-24.jpg
2024-01-20 06:32:24,079 - INFO - Frame existence: False
2024-01-20 06:32:24,113 - INFO - Path of image: media/screenshots/criminals/1/2024/01/20
2024-01-20 06:32:24,113 - INFO - file name: 2024-01-20:06-32-24.jpg
2024-01-20 06:32:24,113 - INFO - Adding to database: 1
2024-01-20 06:32:24,134 - INFO - None
2024-01-20 06:32:24,135 - INFO - None
2024-01-20 11:32:26,415 - INFO - Camera: TempRecords object (203)
2024-01-20 06:32:36,672 - INFO - Result: 1
2024-01-20 06:32:36,672 - INFO - Full path: /home/ubuntu/project/BazaarSurveillance/media/screenshots/criminals/1/2024/01/20/2024-01-20:06-32-36.jpg
2024-01-20 06:32:36,672 - INFO - Frame existence: False
2024-01-20 06:32:36,703 - INFO - Path of image: media/screenshots/criminals/1/2024/01/20
2024-01-20 06:32:36,703 - INFO - file name: 2024-01-20:06-32-36.jpg
2024-01-20 06:32:36,703 - INFO - Adding to database: 1
2024-01-20 06:32:36,730 - INFO - None
2024-01-20 06:32:36,730 - INFO - None
2024-01-20 11:32:41,369 - INFO - Camera: TempRecords object (204)
2024-01-20 06:33:13,486 - INFO - Result: 1
2024-01-20 06:33:13,486 - INFO - Full path: /home/ubuntu/project/BazaarSurveillance/media/screenshots/criminals/1/2024/01/20/2024-01-20:06-33-13.jpg
2024-01-20 06:33:13,486 - INFO - Frame existence: False
2024-01-20 06:33:13,517 - INFO - Path of image: media/screenshots/criminals/1/2024/01/20
2024-01-20 06:33:13,517 - INFO - file name: 2024-01-20:06-33-13.jpg
2024-01-20 06:33:13,517 - INFO - Adding to database: 1
2024-01-20 06:33:13,546 - INFO - None
2024-01-20 06:33:13,546 - INFO - None
2024-01-20 11:33:16,386 - INFO - Camera: TempRecords object (205)
2024-01-20 06:33:25,125 - INFO - Result: 1
2024-01-20 06:33:25,125 - INFO - Full path: /home/ubuntu/project/BazaarSurveillance/media/screenshots/criminals/1/2024/01/20/2024-01-20:06-33-25.jpg
2024-01-20 06:33:25,125 - INFO - Frame existence: False
2024-01-20 06:33:25,155 - INFO - Path of image: media/screenshots/criminals/1/2024/01/20
2024-01-20 06:33:25,155 - INFO - file name: 2024-01-20:06-33-25.jpg
2024-01-20 06:33:25,155 - INFO - Adding to database: 1
2024-01-20 06:33:25,183 - INFO - None
2024-01-20 06:33:25,183 - INFO - None
2024-01-20 11:33:26,493 - INFO - Camera: TempRecords object (206)
2024-01-20 06:33:41,777 - INFO - Result: 1
2024-01-20 06:33:41,777 - INFO - Full path: /home/ubuntu/project/BazaarSurveillance/media/screenshots/criminals/1/2024/01/20/2024-01-20:06-33-41.jpg
2024-01-20 06:33:41,778 - INFO - Frame existence: False
2024-01-20 06:33:41,806 - INFO - Path of image: media/screenshots/criminals/1/2024/01/20
2024-01-20 06:33:41,806 - INFO - file name: 2024-01-20:06-33-41.jpg
2024-01-20 06:33:41,806 - INFO - Adding to database: 1
2024-01-20 06:33:41,835 - INFO - None
2024-01-20 06:33:41,835 - INFO - None
2024-01-20 11:33:46,601 - INFO - Camera: TempRecords object (207)
2024-01-20 06:34:48,923 - INFO - Result: 1
2024-01-20 06:34:48,923 - INFO - Full path: /home/ubuntu/project/BazaarSurveillance/media/screenshots/criminals/1/2024/01/20/2024-01-20:06-34-48.jpg
2024-01-20 06:34:48,923 - INFO - Frame existence: False
2024-01-20 06:34:48,951 - INFO - Path of image: media/screenshots/criminals/1/2024/01/20
2024-01-20 06:34:48,952 - INFO - file name: 2024-01-20:06-34-48.jpg
2024-01-20 06:34:48,952 - INFO - Adding to database: 1
2024-01-20 06:34:48,982 - INFO - None
2024-01-20 06:34:48,982 - INFO - None
2024-01-20 11:34:51,830 - INFO - Camera: TempRecords object (208)
2024-01-20 06:35:20,480 - INFO - Result: 1
2024-01-20 06:35:20,480 - INFO - Full path: /home/ubuntu/project/BazaarSurveillance/media/screenshots/criminals/1/2024/01/20/2024-01-20:06-35-20.jpg
2024-01-20 06:35:20,480 - INFO - Frame existence: False
2024-01-20 06:35:20,510 - INFO - Path of image: media/screenshots/criminals/1/2024/01/20
2024-01-20 06:35:20,510 - INFO - file name: 2024-01-20:06-35-20.jpg
2024-01-20 06:35:20,510 - INFO - Adding to database: 1
2024-01-20 06:35:20,541 - INFO - None
2024-01-20 06:35:20,541 - INFO - (147, 'http://192.168.1.252:8000/media/screenshots/criminals/1/2024/01/20/2024-01-20:06-34-48.jpg', datetime.datetime(2024, 1, 20, 6, 34, 48, 961313, tzinfo=datetime.timezone(datetime.timedelta(days=-1, seconds=68400))), 1, 1)
2024-01-20 11:35:21,898 - INFO - Camera: TempRecords object (209)
2024-01-20 06:35:42,319 - INFO - Result: 1
2024-01-20 06:35:42,319 - INFO - Full path: /home/ubuntu/project/BazaarSurveillance/media/screenshots/criminals/1/2024/01/20/2024-01-20:06-35-42.jpg
2024-01-20 06:35:42,319 - INFO - Frame existence: False
2024-01-20 06:35:42,347 - INFO - Path of image: media/screenshots/criminals/1/2024/01/20
2024-01-20 06:35:42,347 - INFO - file name: 2024-01-20:06-35-42.jpg
2024-01-20 06:35:42,347 - INFO - Adding to database: 1
2024-01-20 06:35:42,376 - INFO - None
2024-01-20 06:35:42,376 - INFO - (147, 'http://192.168.1.252:8000/media/screenshots/criminals/1/2024/01/20/2024-01-20:06-35-20.jpg', datetime.datetime(2024, 1, 20, 6, 35, 20, 518819, tzinfo=datetime.timezone(datetime.timedelta(days=-1, seconds=68400))), 1, 1)
2024-01-20 11:35:46,723 - INFO - Camera: TempRecords object (210)
2024-01-20 06:35:55,282 - INFO - Result: 1
2024-01-20 06:35:55,282 - INFO - Full path: /home/ubuntu/project/BazaarSurveillance/media/screenshots/criminals/1/2024/01/20/2024-01-20:06-35-55.jpg
2024-01-20 06:35:55,282 - INFO - Frame existence: False
2024-01-20 06:35:55,313 - INFO - Path of image: media/screenshots/criminals/1/2024/01/20
2024-01-20 06:35:55,313 - INFO - file name: 2024-01-20:06-35-55.jpg
2024-01-20 06:35:55,314 - INFO - Adding to database: 1
2024-01-20 06:35:55,347 - INFO - None
2024-01-20 06:35:55,347 - INFO - None
2024-01-20 11:35:56,643 - INFO - Camera: TempRecords object (211)
2024-01-20 06:36:13,972 - INFO - Result: 1
2024-01-20 06:36:13,972 - INFO - Full path: /home/ubuntu/project/BazaarSurveillance/media/screenshots/criminals/1/2024/01/20/2024-01-20:06-36-13.jpg
2024-01-20 06:36:13,972 - INFO - Frame existence: False
2024-01-20 06:36:14,001 - INFO - Path of image: media/screenshots/criminals/1/2024/01/20
2024-01-20 06:36:14,001 - INFO - file name: 2024-01-20:06-36-13.jpg
2024-01-20 06:36:14,001 - INFO - Adding to database: 1
2024-01-20 06:36:14,032 - INFO - None
2024-01-20 06:36:14,032 - INFO - (148, 'http://192.168.1.252:8000/media/screenshots/criminals/1/2024/01/20/2024-01-20:06-35-55.jpg', datetime.datetime(2024, 1, 20, 6, 35, 55, 325118, tzinfo=datetime.timezone(datetime.timedelta(days=-1, seconds=68400))), 1, 1)
2024-01-20 11:36:16,896 - INFO - Camera: TempRecords object (212)
2024-01-20 06:36:35,063 - INFO - Result: 1
2024-01-20 06:36:35,063 - INFO - Full path: /home/ubuntu/project/BazaarSurveillance/media/screenshots/criminals/1/2024/01/20/2024-01-20:06-36-35.jpg
2024-01-20 06:36:35,063 - INFO - Frame existence: False
2024-01-20 06:36:35,092 - INFO - Path of image: media/screenshots/criminals/1/2024/01/20
2024-01-20 06:36:35,092 - INFO - file name: 2024-01-20:06-36-35.jpg
2024-01-20 06:36:35,092 - INFO - Adding to database: 1
2024-01-20 06:36:35,123 - INFO - None
2024-01-20 06:36:35,123 - INFO - (148, 'http://192.168.1.252:8000/media/screenshots/criminals/1/2024/01/20/2024-01-20:06-36-13.jpg', datetime.datetime(2024, 1, 20, 6, 36, 14, 10103, tzinfo=datetime.timezone(datetime.timedelta(days=-1, seconds=68400))), 1, 1)
2024-01-20 11:36:36,783 - INFO - Camera: TempRecords object (213)
2024-01-20 06:36:59,983 - INFO - Result: 1
2024-01-20 06:36:59,983 - INFO - Full path: /home/ubuntu/project/BazaarSurveillance/media/screenshots/criminals/1/2024/01/20/2024-01-20:06-36-59.jpg
2024-01-20 06:36:59,983 - INFO - Frame existence: False
2024-01-20 06:37:00,014 - INFO - Path of image: media/screenshots/criminals/1/2024/01/20
2024-01-20 06:37:00,014 - INFO - file name: 2024-01-20:06-36-59.jpg
2024-01-20 06:37:00,014 - INFO - Adding to database: 1
2024-01-20 06:37:00,037 - INFO - None
2024-01-20 06:37:00,038 - INFO - None
2024-01-20 11:37:06,989 - INFO - Camera: TempRecords object (214)
2024-01-20 06:37:47,756 - INFO - Result: 1
2024-01-20 06:37:47,756 - INFO - Full path: /home/ubuntu/project/BazaarSurveillance/media/screenshots/criminals/1/2024/01/20/2024-01-20:06-37-47.jpg
2024-01-20 06:37:47,756 - INFO - Frame existence: False
2024-01-20 06:37:47,784 - INFO - Path of image: media/screenshots/criminals/1/2024/01/20
2024-01-20 06:37:47,784 - INFO - file name: 2024-01-20:06-37-47.jpg
2024-01-20 06:37:47,784 - INFO - Adding to database: 1
2024-01-20 06:37:47,815 - INFO - None
2024-01-20 06:37:47,816 - INFO - None
2024-01-20 11:37:49,392 - INFO - Camera: TempRecords object (215)
2024-01-20 06:38:39,684 - INFO - Result: 1
2024-01-20 06:38:39,684 - INFO - Full path: /home/ubuntu/project/BazaarSurveillance/media/screenshots/criminals/1/2024/01/20/2024-01-20:06-38-39.jpg
2024-01-20 06:38:39,684 - INFO - Frame existence: False
2024-01-20 06:38:39,716 - INFO - Path of image: media/screenshots/criminals/1/2024/01/20
2024-01-20 06:38:39,716 - INFO - file name: 2024-01-20:06-38-39.jpg
2024-01-20 06:38:39,716 - INFO - Adding to database: 1
2024-01-20 06:38:39,746 - INFO - None
2024-01-20 06:38:39,746 - INFO - (150, 'http://192.168.1.252:8000/media/screenshots/criminals/1/2024/01/20/2024-01-20:06-37-47.jpg', datetime.datetime(2024, 1, 20, 6, 37, 47, 792987, tzinfo=datetime.timezone(datetime.timedelta(days=-1, seconds=68400))), 1, 1)
2024-01-20 11:38:44,581 - INFO - Camera: TempRecords object (216)
2024-01-20 06:38:49,744 - INFO - Result: 1
2024-01-20 06:38:49,744 - INFO - Full path: /home/ubuntu/project/BazaarSurveillance/media/screenshots/criminals/1/2024/01/20/2024-01-20:06-38-49.jpg
2024-01-20 06:38:49,744 - INFO - Frame existence: False
2024-01-20 06:38:49,773 - INFO - Path of image: media/screenshots/criminals/1/2024/01/20
2024-01-20 06:38:49,773 - INFO - file name: 2024-01-20:06-38-49.jpg
2024-01-20 06:38:49,773 - INFO - Adding to database: 1
2024-01-20 06:38:49,801 - INFO - None
2024-01-20 06:38:49,801 - INFO - None
2024-01-20 11:38:54,621 - INFO - Camera: TempRecords object (217)
2024-01-20 11:39:11,685 - WARNING - Not Found: /media/screenshots/criminals/1/2024/01/20/2024-01-20:05-19-26.jpg
2024-01-20 06:39:12,961 - INFO - Result: 1
2024-01-20 06:39:12,961 - INFO - Full path: /home/ubuntu/project/BazaarSurveillance/media/screenshots/criminals/1/2024/01/20/2024-01-20:06-39-12.jpg
2024-01-20 06:39:12,961 - INFO - Frame existence: False
2024-01-20 06:39:12,994 - INFO - Path of image: media/screenshots/criminals/1/2024/01/20
2024-01-20 06:39:12,994 - INFO - file name: 2024-01-20:06-39-12.jpg
2024-01-20 06:39:12,994 - INFO - Adding to database: 1
2024-01-20 06:39:13,023 - INFO - None
2024-01-20 06:39:13,024 - INFO - (151, 'http://192.168.1.252:8000/media/screenshots/criminals/1/2024/01/20/2024-01-20:06-38-49.jpg', datetime.datetime(2024, 1, 20, 6, 38, 49, 781133, tzinfo=datetime.timezone(datetime.timedelta(days=-1, seconds=68400))), 1, 1)
2024-01-20 11:39:14,488 - INFO - Camera: TempRecords object (218)
2024-01-20 06:39:33,242 - INFO - Result: 1
2024-01-20 06:39:33,242 - INFO - Full path: /home/ubuntu/project/BazaarSurveillance/media/screenshots/criminals/1/2024/01/20/2024-01-20:06-39-33.jpg
2024-01-20 06:39:33,242 - INFO - Frame existence: False
2024-01-20 06:39:33,270 - INFO - Path of image: media/screenshots/criminals/1/2024/01/20
2024-01-20 06:39:33,270 - INFO - file name: 2024-01-20:06-39-33.jpg
2024-01-20 06:39:33,270 - INFO - Adding to database: 1
2024-01-20 06:39:33,300 - INFO - None
2024-01-20 06:39:33,301 - INFO - (151, 'http://192.168.1.252:8000/media/screenshots/criminals/1/2024/01/20/2024-01-20:06-39-12.jpg', datetime.datetime(2024, 1, 20, 6, 39, 13, 2521, tzinfo=datetime.timezone(datetime.timedelta(days=-1, seconds=68400))), 1, 1)
2024-01-20 11:39:34,650 - INFO - Camera: TempRecords object (219)
2024-01-20 06:39:45,538 - INFO - Result: 1
2024-01-20 06:39:45,538 - INFO - Full path: /home/ubuntu/project/BazaarSurveillance/media/screenshots/criminals/1/2024/01/20/2024-01-20:06-39-45.jpg
2024-01-20 06:39:45,538 - INFO - Frame existence: False
2024-01-20 06:39:45,566 - INFO - Path of image: media/screenshots/criminals/1/2024/01/20
2024-01-20 06:39:45,566 - INFO - file name: 2024-01-20:06-39-45.jpg
2024-01-20 06:39:45,566 - INFO - Adding to database: 1
2024-01-20 06:39:45,593 - INFO - None
2024-01-20 06:39:45,593 - INFO - (151, 'http://192.168.1.252:8000/media/screenshots/criminals/1/2024/01/20/2024-01-20:06-39-33.jpg', datetime.datetime(2024, 1, 20, 6, 39, 33, 281093, tzinfo=datetime.timezone(datetime.timedelta(days=-1, seconds=68400))), 1, 1)
2024-01-20 11:39:49,675 - INFO - Camera: TempRecords object (220)
2024-01-20 06:40:31,004 - INFO - Connected to camera url: rtsp://admin:p@rolo12345@192.168.254.201:554/h264/ch41/main/av_stream
2024-01-20 06:40:31,004 - INFO - Connected to camera: rtsp://admin:p@rolo12345@192.168.254.201:554/h264/ch41/main/av_stream
2024-01-20 06:40:32,464 - INFO - Connected to camera url: http://192.168.1.252:8000/stream/?url=rtsp://admin:p@rolo12345@192.168.254.201:554/h264/ch39/main/av_stream
2024-01-20 06:40:32,464 - INFO - Connected to camera: http://192.168.1.252:8000/stream/?url=rtsp://admin:p@rolo12345@192.168.254.201:554/h264/ch39/main/av_stream
2024-01-20 06:40:37,799 - INFO - Result: 1
2024-01-20 06:40:37,799 - INFO - Full path: /home/ubuntu/project/BazaarSurveillance/media/screenshots/criminals/1/2024/01/20/2024-01-20:06-40-37.jpg
2024-01-20 06:40:37,799 - INFO - Frame existence: False
2024-01-20 06:40:37,831 - INFO - Path of image: media/screenshots/criminals/1/2024/01/20
2024-01-20 06:40:37,831 - INFO - file name: 2024-01-20:06-40-37.jpg
2024-01-20 06:40:37,831 - INFO - Adding to database: 1
2024-01-20 06:40:37,861 - INFO - None
2024-01-20 06:40:37,862 - INFO - None
2024-01-20 11:40:38,246 - INFO - Camera: TempRecords object (221)
2024-01-20 11:40:43,107 - WARNING - Not Found: /media/screenshots/criminals/1/2024/01/20/2024-01-20:05-19-26.jpg
2024-01-20 06:40:49,153 - INFO - Result: 1
2024-01-20 06:40:49,153 - INFO - Full path: /home/ubuntu/project/BazaarSurveillance/media/screenshots/criminals/1/2024/01/20/2024-01-20:06-40-49.jpg
2024-01-20 06:40:49,153 - INFO - Frame existence: False
2024-01-20 06:40:49,185 - INFO - Path of image: media/screenshots/criminals/1/2024/01/20
2024-01-20 06:40:49,185 - INFO - file name: 2024-01-20:06-40-49.jpg
2024-01-20 06:40:49,185 - INFO - Adding to database: 1
2024-01-20 06:40:49,213 - INFO - None
2024-01-20 06:40:49,213 - INFO - None
2024-01-20 11:40:53,268 - INFO - Camera: TempRecords object (222)
2024-01-20 06:41:04,627 - INFO - Result: 1
2024-01-20 06:41:04,627 - INFO - Full path: /home/ubuntu/project/BazaarSurveillance/media/screenshots/criminals/1/2024/01/20/2024-01-20:06-41-04.jpg
2024-01-20 06:41:04,627 - INFO - Frame existence: False
2024-01-20 06:41:04,657 - INFO - Path of image: media/screenshots/criminals/1/2024/01/20
2024-01-20 06:41:04,657 - INFO - file name: 2024-01-20:06-41-04.jpg
2024-01-20 06:41:04,657 - INFO - Adding to database: 1
2024-01-20 06:41:04,685 - INFO - None
2024-01-20 06:41:04,686 - INFO - None
2024-01-20 11:41:08,208 - INFO - Camera: TempRecords object (223)
2024-01-20 06:41:12,776 - ERROR - Error processing camera http://192.168.1.252:8000/stream/?url=rtsp://admin:p@rolo12345@192.168.254.201:554/h264/ch39/main/av_stream: list index out of range
2024-01-20 06:41:25,094 - INFO - Connected to camera url: rtsp://admin:p@rolo12345@192.168.254.201:554/h264/ch41/main/av_stream
2024-01-20 06:41:25,094 - INFO - Connected to camera: rtsp://admin:p@rolo12345@192.168.254.201:554/h264/ch41/main/av_stream
2024-01-20 06:41:43,987 - INFO - Result: 1
2024-01-20 06:41:43,987 - INFO - Full path: /home/ubuntu/project/BazaarSurveillance/media/screenshots/criminals/1/2024/01/20/2024-01-20:06-41-43.jpg
2024-01-20 06:41:43,987 - INFO - Frame existence: False
2024-01-20 06:41:44,016 - INFO - Path of image: media/screenshots/criminals/1/2024/01/20
2024-01-20 06:41:44,016 - INFO - file name: 2024-01-20:06-41-43.jpg
2024-01-20 06:41:44,016 - INFO - Adding to database: 1
2024-01-20 06:41:44,044 - INFO - None
2024-01-20 06:41:44,044 - INFO - None
2024-01-20 11:41:47,422 - INFO - Camera: TempRecords object (224)
2024-01-20 06:41:56,674 - INFO - Result: 1
2024-01-20 06:41:56,674 - INFO - Full path: /home/ubuntu/project/BazaarSurveillance/media/screenshots/criminals/1/2024/01/20/2024-01-20:06-41-56.jpg
2024-01-20 06:41:56,674 - INFO - Frame existence: False
2024-01-20 06:41:56,702 - INFO - Path of image: media/screenshots/criminals/1/2024/01/20
2024-01-20 06:41:56,702 - INFO - file name: 2024-01-20:06-41-56.jpg
2024-01-20 06:41:56,702 - INFO - Adding to database: 1
2024-01-20 06:41:56,730 - INFO - None
2024-01-20 06:41:56,731 - INFO - (155, 'http://192.168.1.252:8000/media/screenshots/criminals/1/2024/01/20/2024-01-20:06-41-43.jpg', datetime.datetime(2024, 1, 20, 6, 41, 44, 25088, tzinfo=datetime.timezone(datetime.timedelta(days=-1, seconds=68400))), 1, 1)
2024-01-20 11:41:57,456 - INFO - Camera: TempRecords object (225)
2024-01-20 06:42:25,028 - INFO - Connected to camera url: rtsp://admin:p@rolo12345@192.168.254.201:554/h264/ch39/main/av_stream
2024-01-20 06:42:25,028 - INFO - Connected to camera: rtsp://admin:p@rolo12345@192.168.254.201:554/h264/ch39/main/av_stream
2024-01-20 06:42:27,212 - INFO - Result: 1
2024-01-20 06:42:27,212 - INFO - Full path: /home/ubuntu/project/BazaarSurveillance/media/screenshots/criminals/1/2024/01/20/2024-01-20:06-42-27.jpg
2024-01-20 06:42:27,212 - INFO - Frame existence: False
2024-01-20 06:42:27,248 - INFO - Path of image: media/screenshots/criminals/1/2024/01/20
2024-01-20 06:42:27,248 - INFO - file name: 2024-01-20:06-42-27.jpg
2024-01-20 06:42:27,248 - INFO - Adding to database: 1
2024-01-20 06:42:27,278 - INFO - None
2024-01-20 06:42:27,278 - INFO - None
2024-01-20 11:42:27,461 - INFO - Camera: TempRecords object (226)
2024-01-20 06:43:00,351 - ERROR - Error processing camera rtsp://admin:p@rolo12345@192.168.254.201:554/h264/ch39/main/av_stream: list index out of range
2024-01-20 06:43:01,266 - ERROR - Error processing camera rtsp://admin:p@rolo12345@192.168.254.201:554/h264/ch41/main/av_stream: list index out of range
2024-01-20 11:48:50,558 - DEBUG - Importing BlpImagePlugin
2024-01-20 11:48:50,558 - DEBUG - Importing BmpImagePlugin
2024-01-20 11:48:50,558 - DEBUG - Importing BufrStubImagePlugin
2024-01-20 11:48:50,558 - DEBUG - Importing CurImagePlugin
2024-01-20 11:48:50,558 - DEBUG - Importing DcxImagePlugin
2024-01-20 11:48:50,558 - DEBUG - Importing DdsImagePlugin
2024-01-20 11:48:50,558 - DEBUG - Importing EpsImagePlugin
2024-01-20 11:48:50,559 - DEBUG - Importing FitsStubImagePlugin
2024-01-20 11:48:50,559 - DEBUG - Importing FliImagePlugin
2024-01-20 11:48:50,559 - DEBUG - Importing FpxImagePlugin
2024-01-20 11:48:50,559 - DEBUG - Importing FtexImagePlugin
2024-01-20 11:48:50,559 - DEBUG - Importing GbrImagePlugin
2024-01-20 11:48:50,559 - DEBUG - Importing GifImagePlugin
2024-01-20 11:48:50,559 - DEBUG - Importing GribStubImagePlugin
2024-01-20 11:48:50,560 - DEBUG - Importing Hdf5StubImagePlugin
2024-01-20 11:48:50,560 - DEBUG - Importing IcnsImagePlugin
2024-01-20 11:48:50,560 - DEBUG - Importing IcoImagePlugin
2024-01-20 11:48:50,560 - DEBUG - Importing ImImagePlugin
2024-01-20 11:48:50,560 - DEBUG - Importing ImtImagePlugin
2024-01-20 11:48:50,560 - DEBUG - Importing IptcImagePlugin
2024-01-20 11:48:50,560 - DEBUG - Importing JpegImagePlugin
2024-01-20 11:48:50,560 - DEBUG - Importing Jpeg2KImagePlugin
2024-01-20 11:48:50,560 - DEBUG - Importing McIdasImagePlugin
2024-01-20 11:48:50,561 - DEBUG - Importing MicImagePlugin
2024-01-20 11:48:50,561 - DEBUG - Importing MpegImagePlugin
2024-01-20 11:48:50,561 - DEBUG - Importing MpoImagePlugin
2024-01-20 11:48:50,561 - DEBUG - Importing MspImagePlugin
2024-01-20 11:48:50,561 - DEBUG - Importing PalmImagePlugin
2024-01-20 11:48:50,561 - DEBUG - Importing PcdImagePlugin
2024-01-20 11:48:50,561 - DEBUG - Importing PcxImagePlugin
2024-01-20 11:48:50,561 - DEBUG - Importing PdfImagePlugin
2024-01-20 11:48:50,563 - DEBUG - Importing PixarImagePlugin
2024-01-20 11:48:50,564 - DEBUG - Importing PngImagePlugin
2024-01-20 11:48:50,564 - DEBUG - Importing PpmImagePlugin
2024-01-20 11:48:50,564 - DEBUG - Importing PsdImagePlugin
2024-01-20 11:48:50,564 - DEBUG - Importing SgiImagePlugin
2024-01-20 11:48:50,564 - DEBUG - Importing SpiderImagePlugin
2024-01-20 11:48:50,564 - DEBUG - Importing SunImagePlugin
2024-01-20 11:48:50,564 - DEBUG - Importing TgaImagePlugin
2024-01-20 11:48:50,564 - DEBUG - Importing TiffImagePlugin
2024-01-20 11:48:50,564 - DEBUG - Importing WebPImagePlugin
2024-01-20 11:48:50,564 - DEBUG - Importing WmfImagePlugin
2024-01-20 11:48:50,565 - DEBUG - Importing XbmImagePlugin
2024-01-20 11:48:50,565 - DEBUG - Importing XpmImagePlugin
2024-01-20 11:48:50,565 - DEBUG - Importing XVThumbImagePlugin
2024-01-20 06:49:21,808 - INFO - Connected to camera url: rtsp://admin:p@rolo12345@192.168.254.201:554/h264/ch41/main/av_stream
2024-01-20 06:49:21,808 - INFO - Connected to camera: rtsp://admin:p@rolo12345@192.168.254.201:554/h264/ch41/main/av_stream
2024-01-20 06:49:29,412 - INFO - Result: 1
2024-01-20 06:49:29,412 - INFO - Full path: /home/ubuntu/project/BazaarSurveillance/media/screenshots/criminals/1/2024/01/20/2024-01-20:06-49-29.jpg
2024-01-20 06:49:29,412 - INFO - Frame existence: False
2024-01-20 06:49:29,440 - INFO - Path of image: media/screenshots/criminals/1/2024/01/20
2024-01-20 06:49:29,440 - INFO - file name: 2024-01-20:06-49-29.jpg
2024-01-20 06:49:29,440 - INFO - Adding to database: 1
2024-01-20 06:49:29,467 - INFO - None
2024-01-20 06:49:29,467 - INFO - None
2024-01-20 11:49:32,383 - INFO - Camera: TempRecords object (227)
2024-01-20 11:49:39,305 - WARNING - Not Found: /media/screenshots/criminals/1/2024/01/20/2024-01-20:05-19-26.jpg
2024-01-20 11:49:39,307 - WARNING - Not Found: /media/screenshots/criminals/1/2024/01/20/2024-01-20:05-19-26.jpg
2024-01-20 06:49:39,432 - INFO - Result: 1
2024-01-20 06:49:39,433 - INFO - Full path: /home/ubuntu/project/BazaarSurveillance/media/screenshots/criminals/1/2024/01/20/2024-01-20:06-49-39.jpg
2024-01-20 06:49:39,433 - INFO - Frame existence: False
2024-01-20 06:49:39,461 - INFO - Path of image: media/screenshots/criminals/1/2024/01/20
2024-01-20 06:49:39,461 - INFO - file name: 2024-01-20:06-49-39.jpg
2024-01-20 06:49:39,461 - INFO - Adding to database: 1
2024-01-20 06:49:39,488 - INFO - None
2024-01-20 06:49:39,488 - INFO - None
2024-01-20 11:49:42,373 - INFO - Camera: TempRecords object (228)
2024-01-20 11:49:48,805 - WARNING - Not Found: /media/screenshots/criminals/1/2024/01/20/2024-01-20:05-19-26.jpg
2024-01-20 11:49:48,808 - WARNING - Not Found: /media/screenshots/criminals/1/2024/01/20/2024-01-20:05-19-26.jpg
2024-01-20 06:50:12,974 - INFO - Result: 1
2024-01-20 06:50:12,974 - INFO - Full path: /home/ubuntu/project/BazaarSurveillance/media/screenshots/criminals/1/2024/01/20/2024-01-20:06-50-12.jpg
2024-01-20 06:50:12,975 - INFO - Frame existence: False
2024-01-20 06:50:13,003 - INFO - Path of image: media/screenshots/criminals/1/2024/01/20
2024-01-20 06:50:13,003 - INFO - file name: 2024-01-20:06-50-12.jpg
2024-01-20 06:50:13,003 - INFO - Adding to database: 1
2024-01-20 06:50:13,034 - INFO - None
2024-01-20 06:50:13,034 - INFO - None
2024-01-20 11:50:17,356 - INFO - Camera: TempRecords object (229)
